22 30000011
22 30000052
22 30000073
22 30000076
22 30000138
22 30000168
22 30000189
22 30000285
22 30000317
22 30000353
22 30000415
22 30000447
22 30000469
22 30000466
22 30000470
22 30000474
22 30000477
22 30000485
22 30000476
22 30000476
22 30000481
22 30000481
22 30000483
22 30000483
22 30000485
22 30000486
22 30000487
22 30000487
22 30000487
22 30000487
22 30000507
22 30000568
22 30000624
22 30000625
22 30000712
22 30000750
22 30000777
22 30000830
22 30000840
22 30000850
22 30000860
22 30001009
22 30001025
22 30001076
22 30001094
22 30001158
22 30001259
22 30001260
22 30001263
22 30001316
22 30001322
22 30001346
22 30001347
22 30001357
22 30001403
22 30001451
22 30001637
22 30001643
22 30001661
22 30001665
22 30001684
22 30001708
22 30001716
22 30001837
22 30001875
22 30001903
22 30001904
22 30001951
22 30001974
22 30001997
22 30002052
22 30002145
22 30002147
22 30002184
22 30002184
22 30002206
22 30002267
22 30002284
22 30002320
22 30002410
22 30002455
22 30002506
22 30002509
22 30002544
22 30002548
22 30002559
22 30002673
22 30002675
22 30002744
22 30002869
22 30002946
22 30003061
22 30003096
22 30003250
22 30003257
22 30003345
22 30003446
22 30003518
22 30003525
22 30003575
22 30003578
22 30003787
22 30003790
22 30003875
22 30004017
22 30004075
22 30004074
22 30004124
22 30004195
22 30004230
22 30004236
22 30004262
22 30004299
22 30004300
22 30004332
22 30004365
22 30004392
22 30004449
22 30004501
22 30004502
22 30004543
22 30004564
22 30004605
22 30004605
22 30004652
22 30004762
22 30004826
22 30004947
22 30005056
22 30005238
22 30005404
22 30005412
22 30005487
22 30005574
22 30005581
22 30005660
22 30005774
22 30005804
22 30005843
22 30005847
22 30005850
22 30005927
22 30006085
22 30006121
22 30006301
22 30006413
22 30006467
22 30006500
22 30006506
22 30006514
22 30006618
22 30006645
22 30006657
22 30006761
22 30006797
22 30006884
22 30007056
22 30007159
22 30007290
22 30007318
22 30007362
22 30007640
22 30007739
22 30007820
22 30007812
22 30007820
22 30007919
22 30007920
22 30007943
22 30007952
22 30008143
22 30008203
22 30008265
22 30008290
22 30008393
22 30008449
22 30008481
22 30008483
22 30008503
22 30008525
22 30008541
22 30008547
22 30008596
22 30008611
22 30008632
22 30008735
22 30008759
22 30008829
22 30008874
22 30008906
22 30008965
22 30009186
22 30009238
22 30009460
22 30009489
22 30009490
22 30009512
22 30009592
22 30009750
22 30009832
22 30009937
22 30010022
22 30010136
22 30010206
22 30010240
22 30010287
22 30010293
22 30010367
22 30010391
22 30010573
22 30010589
22 30010624
22 30010676
22 30010703
22 30010870
22 30010895
22 30010898
22 30010937
22 30011030
22 30011072
22 30011225
22 30011270
22 30011284
22 30011348
22 30011397
22 30011455
22 30011490
22 30011827
22 30011862
22 30011908
22 30011910
22 30011930
22 30011930
22 30011940
22 30011945
22 30011971
22 30011997
22 30012157
22 30012180
22 30012301
22 30012327
22 30012616
22 30012622
22 30012654
22 30012818
22 30012825
22 30012832
22 30012907
22 30012953
22 30012994
22 30013038
22 30013089
22 30013115
22 30013188
22 30013193
22 30013213
22 30013217
22 30013231
22 30013308
22 30013324
22 30013378
22 30013424
22 30013662
22 30013765
22 30013774
22 30013865
22 30013875
22 30013921
22 30014026
22 30014077
22 30014094
22 30014120
22 30014130
22 30014166
22 30014204
22 30014242
22 30014414
22 30014469
22 30014508
22 30014507
22 30014503
22 30014505
22 30014506
22 30014510
22 30014598
22 30014715
22 30014760
22 30014840
22 30014877
22 30014892
22 30014982
22 30014982
22 30015108
22 30015125
22 30015167
22 30015168
22 30015223
22 30015222
22 30015222
22 30015240
22 30015268
22 30015276
22 30015419
22 30015426
22 30015473
22 30015485
22 30015514
22 30015511
22 30015571
22 30015798
22 30015882
22 30015956
22 30015967
22 30016104
22 30016123
22 30016142
22 30016222
22 30016231
22 30016279
22 30016342
22 30016345
22 30016480
22 30016514
22 30016534
22 30016712
22 30016785
22 30016897
22 30017070
22 30017307
22 30017338
22 30017341
22 30017409
22 30017704
22 30017713
22 30017777
22 30017780
22 30017888
22 30018064
22 30018180
22 30018224
22 30018323
22 30018370
22 30018413
22 30018423
22 30018456
22 30018473
22 30018521
22 30018548
22 30018571
22 30018576
22 30018648
22 30018689
22 30018696
22 30018739
22 30018740
22 30018751
22 30018752
22 30018790
22 30018901
22 30018925
22 30018926
22 30018955
22 30019034
22 30019064
22 30019104
22 30019159
22 30019181
22 30019182
22 30019202
22 30019202
22 30019247
22 30019271
22 30019286
22 30019308
22 30019342
22 30019343
22 30019357
22 30019422
22 30019434
22 30019442
22 30019677
22 30019680
22 30019688
22 30019789
22 30019949
22 40000024
22 40000046
22 40000241
22 40000243
22 40000289
22 40000292
22 40000399
22 40000460
22 40000471
22 40000510
22 40000520
22 40000540
22 40000608
22 40000632
22 40000739
22 40000794
22 40000826
22 40000902
22 40000925
22 40000990
22 40001029
22 40001070
22 40001088
22 40001102
22 40001106
22 40001178
22 40001225
22 40001241
22 40001252
22 40001291
22 40001304
22 40001318
22 40001338
22 40001389
22 40001390
22 40001404
22 40001410
22 40001455
22 40001679
22 40001697
22 40001754
22 40001823
22 40001833
22 40001842
22 40001899
22 40001927
22 40001961
22 40002033
22 40002038
22 40002108
22 40002109
22 40002157
22 40002186
22 40002280
22 40002344
22 40002415
22 40002471
22 40002496
22 40002502
22 40002507
22 40002581
22 40002608
22 40002743
22 40002866
22 40002867
22 40002872
22 40002883
22 40002922
22 40003032
22 40003085
22 40003165
22 40003173
22 40003205
22 40003216
22 40003233
22 40003289
22 40003300
22 40003394
22 40003444
22 40003446
22 40003487
22 40003539
22 40003546
22 40003546
22 40003552
22 40003567
22 40003596
22 40003705
22 40003769
22 40003813
22 40003816
22 40003832
22 40003859
22 40003893
22 40004015
22 40004021
22 40004148
22 40004158
22 40004235
22 40004257
22 40004272
22 40004267
22 40004267
22 40004270
22 40004289
22 40004300
22 40004328
22 40004336
22 40004349
22 40004367
22 40004406
22 40004414
22 40004492
22 40004592
22 40004604
22 40004611
22 40004749
22 40004785
22 40005000
22 40005132
22 40005160
22 40005236
22 40005269
22 40005358
22 40005359
22 40005362
22 40005491
22 40005656
22 40005661
22 40005710
22 40005714
22 40005775
22 40005777
22 40005825
22 40005856
22 40005961
22 40005978
22 40006031
22 40006069
22 40006115
22 40006124
22 40006148
22 40006240
22 40006239
22 40006315
22 40006375
22 40006393
22 40006403
22 40006544
22 40006606
22 40006708
22 40006755
22 40006767
22 40006777
22 40006782
22 40006813
22 40006822
22 40006861
22 40006890
22 40006893
22 40006921
22 40006956
22 40007037
22 40007109
22 40007159
22 40007172
22 40007202
22 40007215
22 40007221
22 40007260
22 40007265
22 40007600
22 40007626
22 40007631
22 40007634
22 40007645
22 40007665
22 40007670
22 40007721
22 40007788
22 40007895
22 40007977
22 40007984
22 40008023
22 40008031
22 40008045
22 40008051
22 40008076
22 40008112
22 40008151
22 40008164
22 40008203
22 40008221
22 40008247
22 40008276
22 40008286
22 40008287
22 40008300
22 40008312
22 40008317
22 40008328
22 40008402
22 40008408
22 40008472
22 40008573
22 40008599
22 40008600
22 40008608
22 40008630
22 40008642
22 40008687
22 40008768
22 40008782
22 40008792
22 40008818
22 40008819
22 40008908
22 40009043
22 40009047
22 40009056
22 40009083
22 40009107
22 40009117
22 40009121
22 40009135
22 40009173
22 40009212
22 40009212
22 40009216
22 40009543
22 40009629
22 40009730
22 40009731
22 40009844
22 40009937
22 40009949
22 40009952
22 40010079
22 40010086
22 40010140
22 40010162
22 40010268
22 40010269
22 40010270
22 40010293
22 40010306
22 40010346
22 40010375
22 40010458
22 40010599
22 40010674
22 40010682
22 40010699
22 40010760
22 40010777
22 40010946
22 40010965
22 40011043
22 40011218
22 40011286
22 40011293
22 40011305
22 40011333
22 40011426
22 40011573
22 40011680
22 40011710
22 40011814
22 40011818
22 40011883
22 40011912
22 40012023
22 40012260
22 40012311
22 40012372
22 40012382
22 40012425
22 40012490
22 40012497
22 40012582
22 40012616
22 40012631
22 40012676
22 40012685
22 40012774
22 40012770
22 40012801
22 40012848
22 40012889
22 40012917
22 40012917
22 40012918
22 40012951
22 40013082
22 40013083
22 40013082
22 40013082
22 40013133
22 40013384
22 40013417
22 40013430
22 40013645
22 40013790
22 40013860
22 40013930
22 40013944
22 40014019
22 40014101
22 40014131
22 40014131
22 40014131
22 40014131
22 40014132
22 40014223
22 40014232
22 40014269
22 40014446
22 40014625
22 40014686
22 40014744
22 40014866
22 40014870
22 40014974
22 40014978
22 40014984
22 40014991
22 40015044
22 40015077
22 40015086
22 40015163
22 40015166
22 40015215
22 40015231
22 40015259
22 40015313
22 40015419
22 40015508
22 40015530
22 40015565
22 40015566
22 40015579
22 40015583
22 40015584
22 40015598
22 40015615
22 40015634
22 40015649
22 40015703
22 40015742
22 40015750
22 40015854
22 40015881
22 40015907
22 40015963
22 40016033
22 40016042
22 40016110
22 40016174
22 40016200
22 40016201
22 40016201
22 40016206
22 40016208
22 40016214
22 40016307
22 40016352
22 40016353
22 40016594
22 40016622
22 40016644
22 40016773
22 40016883
22 40016907
22 40016940
22 40016950
22 40016960
22 40016964
22 40016990
22 40017012
22 40017026
22 40017032
22 40017035
22 40017035
22 40017190
22 40017198
22 40017225
22 40017226
22 40017225
22 40017254
22 40017259
22 40017297
22 40017335
22 40017360
22 40017376
22 40017379
22 40017526
22 40017616
22 40017681
22 40017685
22 40017848
22 40017900
22 40017903
22 40017930
22 40017933
22 40017967
22 40018010
22 40018205
22 40018317
22 40018318
22 40018345
22 40018442
22 40018463
22 40018502
22 40018504
22 40018526
22 40018595
22 40018605
22 40018606
22 40018605
22 40018622
22 40018654
22 40018675
22 40018699
22 40018755
22 40018869
22 40018931
22 40018960
22 40018973
22 40019018
22 40019019
22 40019023
22 40019087
22 40019136
22 40019137
22 40019154
22 40019260
22 40019262
22 40019269
22 40019319
22 40019360
22 40019412
22 40019458
22 40019491
22 40019651
22 40019705
22 40019760
22 40019899
22 40019900
22 40019964
22 40019984
