chrom	start	end	xpehh
chr22	40000023	40000024	-1.70899
chr22	40000045	40000046	-1.56187
chr22	40000240	40000241	-1.56187
chr22	40000242	40000243	-1.56187
chr22	40000288	40000289	-1.56187
chr22	40000291	40000292	-1.56187
chr22	40000398	40000399	-1.56187
chr22	40000401	40000402	-1.57851
chr22	40000404	40000405	-1.73869
chr22	40000459	40000460	-1.42273
chr22	40000470	40000471	-1.42273
chr22	40000509	40000510	-1.42273
chr22	40000519	40000520	-1.42273
chr22	40000539	40000540	-1.45793
chr22	40000716	40000717	-1.44473
chr22	40000738	40000739	-1.42771
chr22	40000793	40000794	-1.42771
chr22	40000825	40000826	-1.42771
chr22	40000901	40000902	-1.42771
chr22	40000924	40000925	-1.42771
chr22	40000989	40000990	-1.4412
chr22	40001028	40001029	-1.47469
chr22	40001069	40001070	-1.43652
chr22	40001087	40001088	-1.43652
chr22	40001101	40001102	-1.43652
chr22	40001105	40001106	-1.43652
chr22	40001177	40001178	-1.43652
chr22	40001240	40001241	-1.43652
chr22	40001251	40001252	-1.43652
chr22	40001290	40001291	-1.43652
chr22	40001303	40001304	-1.33843
chr22	40001317	40001318	-1.48625
chr22	40001337	40001338	-1.48625
chr22	40001388	40001389	-1.46108
chr22	40001389	40001390	-1.47116
chr22	40001403	40001404	-1.47116
chr22	40001409	40001410	-1.47116
chr22	40001454	40001455	-1.47116
chr22	40001518	40001519	-1.5787
chr22	40001678	40001679	-1.46728
chr22	40001696	40001697	-1.46728
chr22	40001753	40001754	-1.46728
chr22	40001832	40001833	-1.46728
chr22	40001841	40001842	-1.46728
chr22	40001898	40001899	-1.46728
chr22	40001926	40001927	-1.46728
chr22	40001960	40001961	-1.46728
chr22	40002032	40002033	-1.46728
chr22	40002107	40002108	-1.46728
chr22	40002108	40002109	-1.46728
chr22	40002156	40002157	-1.48169
chr22	40002185	40002186	-1.46743
chr22	40002279	40002280	-1.46743
chr22	40002343	40002344	-1.46743
chr22	40002414	40002415	-1.46743
chr22	40002470	40002471	-1.46743
chr22	40002495	40002496	-1.46743
chr22	40002501	40002502	-1.46743
chr22	40002506	40002507	-1.46743
chr22	40002580	40002581	-1.46743
chr22	40002607	40002608	-1.46743
chr22	40002742	40002743	-1.46743
chr22	40002840	40002841	-1.57921
chr22	40002840	40002841	-1.29199
chr22	40002865	40002866	-1.29199
chr22	40002866	40002867	-1.29199
chr22	40002871	40002872	-1.26649
chr22	40002882	40002883	-1.28113
chr22	40002921	40002922	-1.28113
chr22	40003031	40003032	-1.28113
chr22	40003084	40003085	-1.28113
chr22	40003164	40003165	-1.17744
chr22	40003172	40003173	-1.21681
chr22	40003204	40003205	-1.21681
chr22	40003215	40003216	-1.21681
chr22	40003232	40003233	-1.21681
chr22	40003288	40003289	-1.21681
chr22	40003299	40003300	-1.21681
chr22	40003393	40003394	-1.21681
chr22	40003443	40003444	-1.21681
chr22	40003445	40003446	-1.21681
chr22	40003486	40003487	-1.21681
chr22	40003538	40003539	-1.21681
chr22	40003566	40003567	-1.21681
chr22	40003595	40003596	-1.21681
chr22	40003704	40003705	-1.21681
chr22	40003768	40003769	-1.21681
chr22	40003812	40003813	-1.21681
chr22	40003815	40003816	-1.21681
chr22	40003822	40003823	-1.57726
chr22	40003831	40003832	-1.54226
chr22	40003858	40003859	-1.54226
chr22	40003892	40003893	-1.54226
chr22	40004014	40004015	-1.55384
chr22	40004020	40004021	-1.55029
chr22	40004147	40004148	-1.57376
chr22	40004159	40004160	-1.58975
chr22	40004234	40004235	-1.57794
chr22	40004256	40004257	-1.57794
chr22	40004299	40004300	-1.63869
chr22	40004327	40004328	-1.61244
chr22	40004335	40004336	-1.61244
chr22	40004348	40004349	-1.61244
chr22	40004366	40004367	-1.61244
chr22	40004405	40004406	-1.61244
chr22	40004413	40004414	-1.63583
chr22	40004491	40004492	-1.62502
chr22	40004591	40004592	-1.62502
chr22	40004603	40004604	-1.62502
chr22	40004610	40004611	-1.62502
chr22	40004730	40004731	-1.66254
chr22	40004784	40004785	-1.65916
chr22	40004907	40004908	-1.64901
chr22	40004999	40005000	-1.6186
chr22	40005131	40005132	-1.6186
chr22	40005159	40005160	-1.6186
chr22	40005235	40005236	-1.70072
chr22	40005357	40005358	-1.68873
chr22	40005490	40005491	-1.68873
chr22	40005655	40005656	-1.68873
chr22	40005660	40005661	-1.68873
chr22	40005709	40005710	-1.68873
chr22	40005713	40005714	-1.68873
chr22	40005774	40005775	-1.68873
chr22	40005776	40005777	-1.68873
chr22	40005824	40005825	-1.68873
chr22	40005855	40005856	-1.68873
chr22	40005890	40005891	-1.72076
chr22	40005960	40005961	-1.70028
chr22	40005977	40005978	-1.70028
chr22	40006030	40006031	-1.70028
chr22	40006068	40006069	-1.70028
chr22	40006123	40006124	-1.70028
chr22	40006147	40006148	-1.70028
chr22	40006314	40006315	-1.70028
chr22	40006374	40006375	-1.70028
chr22	40006392	40006393	-1.70028
chr22	40006402	40006403	-1.64355
chr22	40006543	40006544	-1.64666
chr22	40006605	40006606	-1.64666
chr22	40006707	40006708	-1.64666
chr22	40006754	40006755	-1.65228
chr22	40006766	40006767	-1.66045
chr22	40006776	40006777	-1.66629
chr22	40006781	40006782	-1.66669
chr22	40006812	40006813	-1.96028
chr22	40006821	40006822	-1.92103
chr22	40006860	40006861	-1.92103
chr22	40006889	40006890	-1.90429
chr22	40006892	40006893	-1.93196
chr22	40006920	40006921	-1.92421
chr22	40006955	40006956	-1.92421
chr22	40007036	40007037	-1.92421
chr22	40007108	40007109	-2.03002
chr22	40007158	40007159	-2.01238
chr22	40007166	40007167	-2.02092
chr22	40007171	40007172	-1.9951
chr22	40007201	40007202	-1.93467
chr22	40007214	40007215	-1.98642
chr22	40007264	40007265	-1.97078
chr22	40007644	40007645	-2.13368
chr22	40007664	40007665	-2.06957
chr22	40007720	40007721	-2.0705
chr22	40007787	40007788	-2.0705
chr22	40007894	40007895	-2.0705
chr22	40007976	40007977	-2.0705
chr22	40007983	40007984	-2.24532
chr22	40008022	40008023	-2.19809
chr22	40008030	40008031	-2.22788
chr22	40008044	40008045	-2.21767
chr22	40008050	40008051	-2.21767
chr22	40008075	40008076	-2.21767
chr22	40008111	40008112	-2.2923
chr22	40008150	40008151	-2.28333
chr22	40008163	40008164	-2.28333
chr22	40008202	40008203	-2.28333
chr22	40008220	40008221	-2.28333
chr22	40008246	40008247	-2.28333
chr22	40008275	40008276	-2.28333
chr22	40008285	40008286	-2.28333
chr22	40008286	40008287	-2.28333
chr22	40008288	40008289	-2.31352
chr22	40008299	40008300	-2.27317
chr22	40008311	40008312	-2.28067
chr22	40008316	40008317	-2.27435
chr22	40008327	40008328	-2.27435
chr22	40008329	40008330	-2.3771
chr22	40008401	40008402	-2.32469
chr22	40008407	40008408	-2.32469
chr22	40008471	40008472	-2.32469
chr22	40008572	40008573	-2.32469
chr22	40008598	40008599	-2.3215
chr22	40008599	40008600	-2.32488
chr22	40008607	40008608	-2.32488
chr22	40008629	40008630	-2.32488
chr22	40008641	40008642	-2.32488
chr22	40008686	40008687	-2.32488
chr22	40008767	40008768	-2.37479
chr22	40008781	40008782	-2.31454
chr22	40008791	40008792	-2.31454
chr22	40008817	40008818	-2.31454
chr22	40008818	40008819	-2.31454
chr22	40008907	40008908	-2.36119
chr22	40009046	40009047	-2.35156
chr22	40009055	40009056	-2.35156
chr22	40009082	40009083	-2.35156
chr22	40009106	40009107	-2.35156
chr22	40009116	40009117	-2.35156
chr22	40009120	40009121	-2.35156
chr22	40009134	40009135	-2.35156
chr22	40009172	40009173	-2.35156
chr22	40009211	40009212	-2.35156
chr22	40009215	40009216	-2.35156
chr22	40009542	40009543	-2.35156
chr22	40009628	40009629	-2.35156
chr22	40009729	40009730	-2.40291
chr22	40009730	40009731	-2.38003
chr22	40009758	40009759	-2.42957
chr22	40009843	40009844	-2.4277
chr22	40009893	40009894	-2.42957
chr22	40009926	40009927	-2.42957
chr22	40009936	40009937	-2.40776
chr22	40009948	40009949	-2.3778
chr22	40009951	40009952	-2.3887
chr22	40010078	40010079	-2.3887
chr22	40010085	40010086	-2.3887
chr22	40010139	40010140	-2.3887
chr22	40010161	40010162	-2.3887
chr22	40010267	40010268	-2.49459
chr22	40010268	40010269	-2.32366
chr22	40010269	40010270	-2.32366
chr22	40010292	40010293	-2.32366
chr22	40010345	40010346	-2.33576
chr22	40010374	40010375	-2.30122
chr22	40010457	40010458	-2.33654
chr22	40010598	40010599	-2.25876
chr22	40010681	40010682	-2.25876
chr22	40010698	40010699	-2.25876
chr22	40010759	40010760	-2.25095
chr22	40010776	40010777	-2.25408
chr22	40010945	40010946	-2.26766
chr22	40010964	40010965	-2.24969
chr22	40011042	40011043	-2.25178
chr22	40011217	40011218	-2.24387
chr22	40011285	40011286	-2.24387
chr22	40011292	40011293	-2.24387
chr22	40011304	40011305	-2.24387
chr22	40011332	40011333	-2.24387
chr22	40011425	40011426	-2.24387
chr22	40011569	40011570	-2.26888
chr22	40011572	40011573	-2.24807
chr22	40011679	40011680	-2.24807
chr22	40011709	40011710	-2.24807
chr22	40011813	40011814	-2.24807
chr22	40011817	40011818	-2.24717
chr22	40011882	40011883	-2.2844
chr22	40011911	40011912	-2.23631
chr22	40012259	40012260	-2.24388
chr22	40012310	40012311	-2.24388
chr22	40012371	40012372	-2.24388
chr22	40012381	40012382	-2.24388
chr22	40012489	40012490	-2.24388
chr22	40012496	40012497	-2.24388
chr22	40012581	40012582	-2.24388
chr22	40012615	40012616	-2.24388
chr22	40012630	40012631	-2.26227
chr22	40012675	40012676	-2.22522
chr22	40012684	40012685	-2.25381
chr22	40012800	40012801	-2.26738
chr22	40012847	40012848	-2.26151
chr22	40012888	40012889	-2.26151
chr22	40012950	40012951	-2.26151
chr22	40013132	40013133	-2.26151
chr22	40013134	40013135	-2.26738
chr22	40013383	40013384	-2.00359
chr22	40013416	40013417	-2.00359
chr22	40013429	40013430	-2.00359
chr22	40013644	40013645	-2.00359
chr22	40013789	40013790	-2.00359
chr22	40013859	40013860	-2.00359
chr22	40013943	40013944	-2.00359
chr22	40014100	40014101	-2.00359
chr22	40014222	40014223	-2.00359
chr22	40014231	40014232	-2.00359
chr22	40014268	40014269	-2.00359
chr22	40014445	40014446	-2.00359
chr22	40014624	40014625	-2.00359
chr22	40014685	40014686	-2.00359
chr22	40014743	40014744	-1.97398
chr22	40014865	40014866	-1.98757
chr22	40014869	40014870	-1.98757
chr22	40014973	40014974	-1.98757
chr22	40014983	40014984	-1.98757
chr22	40015043	40015044	-1.98757
chr22	40015076	40015077	-1.98757
chr22	40015085	40015086	-1.98757
chr22	40015162	40015163	-1.98757
chr22	40015165	40015166	-1.98757
chr22	40015214	40015215	-1.98757
chr22	40015230	40015231	-1.98757
chr22	40015258	40015259	-1.98757
chr22	40015312	40015313	-1.98757
chr22	40015418	40015419	-1.98757
chr22	40015507	40015508	-1.98757
chr22	40015529	40015530	-1.98757
chr22	40015564	40015565	-1.98757
chr22	40015565	40015566	-1.98757
chr22	40015578	40015579	-1.98757
chr22	40015582	40015583	-1.98757
chr22	40015583	40015584	-2.00574
chr22	40015597	40015598	-1.98512
chr22	40015614	40015615	-1.98512
chr22	40015633	40015634	-1.98512
chr22	40015648	40015649	-1.98512
chr22	40015702	40015703	-1.98512
chr22	40015741	40015742	-1.98512
chr22	40015749	40015750	-1.98512
chr22	40015853	40015854	-1.99991
chr22	40015880	40015881	-1.98943
chr22	40015906	40015907	-1.98943
chr22	40015962	40015963	-1.98943
chr22	40015996	40015997	-2.15387
chr22	40016032	40016033	-1.98964
chr22	40016041	40016042	-1.9984
chr22	40016109	40016110	-1.99152
chr22	40016173	40016174	-1.99152
chr22	40016200	40016201	-1.99152
chr22	40016207	40016208	-1.99152
chr22	40016213	40016214	-1.99152
chr22	40016306	40016307	-2.01005
chr22	40016351	40016352	-1.98311
chr22	40016352	40016353	-1.98311
chr22	40016546	40016547	-2.20646
chr22	40016621	40016622	-2.06351
chr22	40016643	40016644	-2.06351
chr22	40016772	40016773	-2.06351
chr22	40016882	40016883	-2.06351
chr22	40016906	40016907	-2.06351
chr22	40016939	40016940	-2.06351
chr22	40016949	40016950	-2.06351
chr22	40016959	40016960	-2.03005
chr22	40016963	40016964	-2.03971
chr22	40016989	40016990	-2.03971
chr22	40017011	40017012	-2.00625
chr22	40017025	40017026	-1.94974
chr22	40017034	40017035	-1.96822
chr22	40017034	40017035	-1.96822
chr22	40017175	40017176	-2.22994
chr22	40017189	40017190	-2.16982
chr22	40017197	40017198	-2.16982
chr22	40017253	40017254	-2.16982
chr22	40017258	40017259	-2.16982
chr22	40017296	40017297	-2.16982
chr22	40017334	40017335	-2.16982
chr22	40017359	40017360	-2.16982
chr22	40017375	40017376	-2.16982
chr22	40017378	40017379	-2.16982
chr22	40017525	40017526	-2.16982
chr22	40017615	40017616	-2.16982
chr22	40017680	40017681	-2.16982
chr22	40017684	40017685	-2.16982
chr22	40017902	40017903	-2.16982
chr22	40017929	40017930	-2.16982
chr22	40017932	40017933	-2.16982
chr22	40017966	40017967	-2.16982
chr22	40018009	40018010	-2.16982
chr22	40018204	40018205	-2.16982
chr22	40018316	40018317	-2.18578
chr22	40018317	40018318	-2.17945
chr22	40018344	40018345	-2.17945
chr22	40018441	40018442	-2.17945
chr22	40018462	40018463	-2.17945
chr22	40018501	40018502	-2.11173
chr22	40018503	40018504	-2.13381
chr22	40018525	40018526	-2.38403
chr22	40018594	40018595	-2.32081
chr22	40018621	40018622	-2.32081
chr22	40018653	40018654	-2.32081
chr22	40018674	40018675	-2.32081
chr22	40018698	40018699	-2.32081
chr22	40018754	40018755	-2.32081
chr22	40018868	40018869	-2.32081
chr22	40018930	40018931	-2.32081
chr22	40018959	40018960	-2.32081
chr22	40018972	40018973	-2.31699
chr22	40019017	40019018	-2.32291
chr22	40019018	40019019	-2.28793
chr22	40019022	40019023	-2.29796
chr22	40019086	40019087	-2.29796
chr22	40019135	40019136	-2.44813
chr22	40019136	40019137	-2.40518
chr22	40019153	40019154	-2.40518
chr22	40019259	40019260	-2.40518
chr22	40019261	40019262	-2.40518
chr22	40019268	40019269	-2.40518
chr22	40019318	40019319	-2.40518
chr22	40019411	40019412	-2.42528
chr22	40019457	40019458	-2.40218
chr22	40019490	40019491	-2.408
chr22	40019612	40019613	-2.45559
chr22	40019650	40019651	-2.39533
chr22	40019704	40019705	-2.42127
chr22	40019718	40019719	-2.39671
chr22	40019759	40019760	-2.38821
chr22	40019898	40019899	-2.38821
chr22	40019899	40019900	-2.38821
chr22	40019963	40019964	-2.38821
chr22	40019983	40019984	-2.38821
