chrom	start	end	xpehh
chr22	30000051	30000052	-0.0219187
chr22	30000137	30000138	-0.0219187
chr22	30000167	30000168	-0.0219187
chr22	30000188	30000189	-0.0219187
chr22	30000284	30000285	-0.0529731
chr22	30000316	30000317	0.00597999
chr22	30000352	30000353	-0.0229728
chr22	30000414	30000415	-0.0289932
chr22	30000446	30000447	-0.0449706
chr22	30000473	30000474	-0.01917
chr22	30000475	30000476	-0.031231
chr22	30000480	30000481	-0.0144936
chr22	30000484	30000485	0.164351
chr22	30000486	30000487	0.269658
chr22	30000506	30000507	0.592448
chr22	30000567	30000568	0.546612
chr22	30000623	30000624	0.492551
chr22	30000624	30000625	0.492551
chr22	30000711	30000712	0.492551
chr22	30000749	30000750	0.492551
chr22	30000776	30000777	0.487205
chr22	30000829	30000830	0.50247
chr22	30000839	30000840	0.50247
chr22	30000849	30000850	0.50247
chr22	30000859	30000860	0.50247
chr22	30001008	30001009	0.50247
chr22	30001075	30001076	0.47061
chr22	30001093	30001094	0.550703
chr22	30001157	30001158	0.550703
chr22	30001258	30001259	0.550703
chr22	30001259	30001260	0.550703
chr22	30001262	30001263	0.550703
chr22	30001315	30001316	0.604028
chr22	30001321	30001322	0.542219
chr22	30001345	30001346	0.54627
chr22	30001346	30001347	0.534182
chr22	30001356	30001357	0.543048
chr22	30001402	30001403	0.53709
chr22	30001450	30001451	0.494423
chr22	30001636	30001637	0.570412
chr22	30001642	30001643	0.570412
chr22	30001660	30001661	0.570412
chr22	30001664	30001665	0.570412
chr22	30001683	30001684	0.570412
chr22	30001707	30001708	0.568736
chr22	30001715	30001716	0.571586
chr22	30001836	30001837	0.571586
chr22	30001874	30001875	0.849954
chr22	30001902	30001903	0.731032
chr22	30001903	30001904	0.731032
chr22	30001950	30001951	0.731032
chr22	30001973	30001974	0.718632
chr22	30001996	30001997	0.737763
chr22	30002051	30002052	0.737763
chr22	30002088	30002089	0.726663
chr22	30002144	30002145	0.651056
chr22	30002146	30002147	0.651056
chr22	30002205	30002206	0.651056
chr22	30002266	30002267	0.651056
chr22	30002283	30002284	0.713918
chr22	30002319	30002320	0.678939
chr22	30002409	30002410	0.721904
chr22	30002452	30002453	0.53173
chr22	30002454	30002455	1.18285
chr22	30002505	30002506	1.14598
chr22	30002508	30002509	1.14598
chr22	30002543	30002544	1.14598
chr22	30002547	30002548	1.14598
chr22	30002558	30002559	1.14598
chr22	30002674	30002675	1.16396
chr22	30002868	30002869	1.16039
chr22	30002945	30002946	1.16039
chr22	30003010	30003011	1.1889
chr22	30003060	30003061	1.1821
chr22	30003095	30003096	1.1821
chr22	30003249	30003250	1.16253
chr22	30003344	30003345	1.18217
chr22	30003427	30003428	1.07946
chr22	30003517	30003518	1.04132
chr22	30003524	30003525	1.04132
chr22	30003574	30003575	1.04132
chr22	30003577	30003578	1.04132
chr22	30003786	30003787	1.04132
chr22	30003789	30003790	1.04132
chr22	30003874	30003875	1.04132
chr22	30004016	30004017	1.04132
chr22	30004073	30004074	1.04132
chr22	30004123	30004124	1.04132
chr22	30004194	30004195	1.04132
chr22	30004229	30004230	1.04132
chr22	30004235	30004236	1.04132
chr22	30004261	30004262	1.04132
chr22	30004298	30004299	1.04132
chr22	30004299	30004300	1.04132
chr22	30004331	30004332	1.04132
chr22	30004364	30004365	1.04132
chr22	30004391	30004392	1.07519
chr22	30004448	30004449	1.02131
chr22	30004500	30004501	1.01755
chr22	30004501	30004502	1.06044
chr22	30004542	30004543	1.06044
chr22	30004563	30004564	1.06044
chr22	30004651	30004652	1.04497
chr22	30004711	30004712	1.10086
chr22	30004761	30004762	1.07898
chr22	30004825	30004826	1.07898
chr22	30004871	30004872	1.00179
chr22	30004946	30004947	1.68706
chr22	30005055	30005056	1.68706
chr22	30005237	30005238	2.00121
chr22	30005403	30005404	1.62511
chr22	30005411	30005412	1.62511
chr22	30005486	30005487	1.62511
chr22	30005573	30005574	1.62511
chr22	30005580	30005581	1.62511
chr22	30005618	30005619	1.60202
chr22	30005666	30005667	1.7498
chr22	30005773	30005774	1.65418
chr22	30005785	30005786	1.46758
chr22	30005803	30005804	1.50175
chr22	30005842	30005843	1.50842
chr22	30005846	30005847	1.50317
chr22	30005849	30005850	1.54538
chr22	30005926	30005927	1.42305
chr22	30006084	30006085	1.41231
chr22	30006120	30006121	1.44244
chr22	30006300	30006301	1.43228
chr22	30006412	30006413	1.43228
chr22	30006466	30006467	1.43228
chr22	30006499	30006500	1.43228
chr22	30006505	30006506	1.43228
chr22	30006513	30006514	1.45199
chr22	30006617	30006618	1.41091
chr22	30006644	30006645	1.41091
chr22	30006656	30006657	1.41091
chr22	30006760	30006761	1.42304
chr22	30006796	30006797	1.39581
chr22	30006883	30006884	1.39581
chr22	30007055	30007056	1.39581
chr22	30007158	30007159	1.39581
chr22	30007289	30007290	1.39581
chr22	30007317	30007318	1.39581
chr22	30007361	30007362	1.39581
chr22	30007639	30007640	1.39581
chr22	30007738	30007739	1.39581
chr22	30007779	30007780	1.33772
chr22	30007811	30007812	1.39464
chr22	30007819	30007820	1.39464
chr22	30007918	30007919	1.39464
chr22	30007919	30007920	1.39464
chr22	30007942	30007943	1.39464
chr22	30007951	30007952	1.38807
chr22	30008006	30008007	1.55398
chr22	30008142	30008143	1.50644
chr22	30008202	30008203	1.53522
chr22	30008264	30008265	1.5034
chr22	30008392	30008393	1.5034
chr22	30008448	30008449	1.5034
chr22	30008480	30008481	1.5034
chr22	30008482	30008483	1.5034
chr22	30008502	30008503	1.5034
chr22	30008524	30008525	1.5034
chr22	30008540	30008541	1.5034
chr22	30008546	30008547	1.45726
chr22	30008557	30008558	1.63295
chr22	30008595	30008596	1.56795
chr22	30008610	30008611	1.55079
chr22	30008631	30008632	1.55079
chr22	30008651	30008652	1.54797
chr22	30008663	30008664	1.6591
chr22	30008734	30008735	1.64203
chr22	30008758	30008759	1.64126
chr22	30008764	30008765	1.64546
chr22	30008828	30008829	1.65764
chr22	30008873	30008874	1.65764
chr22	30008905	30008906	1.65764
chr22	30008964	30008965	1.65764
chr22	30009161	30009162	1.67455
chr22	30009185	30009186	1.40576
chr22	30009237	30009238	1.41153
chr22	30009459	30009460	1.39226
chr22	30009488	30009489	1.40517
chr22	30009489	30009490	1.38555
chr22	30009511	30009512	1.38555
chr22	30009591	30009592	1.38555
chr22	30009749	30009750	1.38555
chr22	30009831	30009832	1.38555
chr22	30009936	30009937	1.38555
chr22	30009993	30009994	1.44767
chr22	30010021	30010022	1.28607
chr22	30010135	30010136	1.28607
chr22	30010205	30010206	1.28607
chr22	30010239	30010240	1.28607
chr22	30010286	30010287	1.28607
chr22	30010292	30010293	1.28607
chr22	30010366	30010367	1.28607
chr22	30010390	30010391	1.26685
chr22	30010572	30010573	1.29551
chr22	30010588	30010589	1.29551
chr22	30010623	30010624	1.29551
chr22	30010675	30010676	1.30775
chr22	30010702	30010703	1.2969
chr22	30010869	30010870	1.2969
chr22	30010894	30010895	1.2969
chr22	30010897	30010898	1.2969
chr22	30010936	30010937	1.2969
chr22	30011029	30011030	1.2969
chr22	30011071	30011072	1.2969
chr22	30011224	30011225	1.37179
chr22	30011269	30011270	1.34119
chr22	30011283	30011284	1.72906
chr22	30011347	30011348	1.48004
chr22	30011374	30011375	1.54477
chr22	30011398	30011399	1.70643
chr22	30011454	30011455	1.62436
chr22	30011489	30011490	1.61046
chr22	30011662	30011663	1.78897
chr22	30011826	30011827	1.56158
chr22	30011861	30011862	1.56158
chr22	30011909	30011910	1.60745
chr22	30011939	30011940	1.5638
chr22	30011970	30011971	1.5638
chr22	30011996	30011997	1.5638
chr22	30012156	30012157	1.56251
chr22	30012179	30012180	1.57488
chr22	30012300	30012301	1.56049
chr22	30012615	30012616	1.56049
chr22	30012621	30012622	1.56049
chr22	30012653	30012654	1.56049
chr22	30012720	30012721	1.53456
chr22	30012817	30012818	1.43226
chr22	30012824	30012825	1.43226
chr22	30012831	30012832	1.4202
chr22	30012906	30012907	1.44722
chr22	30012952	30012953	1.44722
chr22	30012993	30012994	1.44524
chr22	30013037	30013038	1.45019
chr22	30013088	30013089	1.45019
chr22	30013114	30013115	1.45019
chr22	30013187	30013188	1.45019
chr22	30013192	30013193	1.45019
chr22	30013216	30013217	1.45019
chr22	30013230	30013231	1.45019
chr22	30013307	30013308	1.45019
chr22	30013323	30013324	1.45019
chr22	30013377	30013378	1.45019
chr22	30013423	30013424	1.45019
chr22	30013661	30013662	1.45019
chr22	30013773	30013774	1.45916
chr22	30013864	30013865	1.44633
chr22	30013874	30013875	1.44633
chr22	30013920	30013921	1.44633
chr22	30014025	30014026	1.44633
chr22	30014076	30014077	1.44633
chr22	30014093	30014094	1.44633
chr22	30014119	30014120	1.44633
chr22	30014129	30014130	1.44633
chr22	30014165	30014166	1.44633
chr22	30014241	30014242	1.48115
chr22	30014345	30014346	1.40364
chr22	30014413	30014414	1.42303
chr22	30014450	30014451	1.43346
chr22	30014468	30014469	1.41666
chr22	30014597	30014598	1.41666
chr22	30014714	30014715	1.41666
chr22	30014759	30014760	1.41666
chr22	30014839	30014840	1.41666
chr22	30014876	30014877	1.41666
chr22	30014891	30014892	1.41666
chr22	30014981	30014982	1.41666
chr22	30015107	30015108	1.41666
chr22	30015124	30015125	1.41666
chr22	30015166	30015167	1.41666
chr22	30015167	30015168	1.41666
chr22	30015239	30015240	1.41666
chr22	30015267	30015268	1.41666
chr22	30015418	30015419	1.41666
chr22	30015425	30015426	1.41666
chr22	30015472	30015473	1.3605
chr22	30015484	30015485	1.39902
chr22	30015570	30015571	1.39902
chr22	30015797	30015798	1.39902
chr22	30015881	30015882	1.39902
chr22	30015955	30015956	1.39902
chr22	30015966	30015967	1.39902
chr22	30016103	30016104	1.39902
chr22	30016141	30016142	1.39902
chr22	30016221	30016222	1.39902
chr22	30016230	30016231	1.57766
chr22	30016278	30016279	1.52549
chr22	30016341	30016342	1.48887
chr22	30016344	30016345	1.53282
chr22	30016475	30016476	1.60917
chr22	30016479	30016480	1.57886
chr22	30016513	30016514	1.57886
chr22	30016533	30016534	1.57886
chr22	30016711	30016712	1.57886
chr22	30016769	30016770	1.62119
chr22	30016784	30016785	1.60608
chr22	30016786	30016787	1.57126
chr22	30016896	30016897	1.58157
chr22	30017069	30017070	1.58157
chr22	30017306	30017307	1.58157
chr22	30017337	30017338	1.58157
chr22	30017340	30017341	1.58157
chr22	30017349	30017350	1.63669
chr22	30017408	30017409	1.63531
chr22	30017681	30017682	1.64401
chr22	30017703	30017704	1.57738
chr22	30017712	30017713	1.57654
chr22	30017887	30017888	1.63163
chr22	30018063	30018064	1.41089
chr22	30018101	30018102	1.4182
chr22	30018179	30018180	1.3263
chr22	30018322	30018323	1.30844
chr22	30018350	30018351	1.30804
chr22	30018369	30018370	1.20664
chr22	30018412	30018413	1.20664
chr22	30018422	30018423	1.20664
chr22	30018455	30018456	1.20664
chr22	30018472	30018473	1.20664
chr22	30018520	30018521	1.20664
chr22	30018547	30018548	1.20664
chr22	30018575	30018576	1.20664
chr22	30018647	30018648	1.20664
chr22	30018688	30018689	1.20664
chr22	30018695	30018696	1.20664
chr22	30018739	30018740	1.20664
chr22	30018750	30018751	1.20664
chr22	30018751	30018752	1.20664
chr22	30018789	30018790	1.20664
chr22	30018900	30018901	1.20664
chr22	30018924	30018925	1.20664
chr22	30018925	30018926	1.20016
chr22	30018954	30018955	1.22814
chr22	30019033	30019034	1.22814
chr22	30019063	30019064	1.2101
chr22	30019103	30019104	1.22328
chr22	30019158	30019159	1.23296
chr22	30019180	30019181	1.23296
chr22	30019181	30019182	1.23296
chr22	30019201	30019202	1.26439
chr22	30019246	30019247	1.23878
chr22	30019270	30019271	1.23878
chr22	30019285	30019286	1.23878
chr22	30019307	30019308	1.23878
chr22	30019341	30019342	1.23878
chr22	30019342	30019343	1.24969
chr22	30019356	30019357	1.23625
chr22	30019421	30019422	1.23625
chr22	30019433	30019434	1.23625
chr22	30019441	30019442	1.23625
chr22	30019676	30019677	1.21806
chr22	30019679	30019680	1.23891
chr22	30019687	30019688	1.23891
chr22	30019788	30019789	1.23891
chr22	30019948	30019949	1.27446
chr22	30019993	30019994	1.18993
