chrom	start	end	xpehh	Zscore	pval	top_region
chr22	30000051	30000052	-0.0219187	-0.7071275771340346	0.2397435999116289	chr22_30000000_30020000
chr22	30000137	30000138	-0.0219187	-0.7071275771340346	0.2397435999116289	chr22_30000000_30020000
chr22	30000167	30000168	-0.0219187	-0.7071275771340346	0.2397435999116289	chr22_30000000_30020000
chr22	30000188	30000189	-0.0219187	-0.7071275771340346	0.2397435999116289	chr22_30000000_30020000
chr22	30000284	30000285	-0.0529731	-0.7360725097397025	0.2308432857691781	chr22_30000000_30020000
chr22	30000316	30000317	0.00597999	-0.6811239930417184	0.2478965182586066	chr22_30000000_30020000
chr22	30000352	30000353	-0.0229728	-0.7081100740896877	0.2394384520379952	chr22_30000000_30020000
chr22	30000414	30000415	-0.0289932	-0.713721519561478	0.2376996984479367	chr22_30000000_30020000
chr22	30000446	30000447	-0.0449706	-0.7286136046191123	0.2331190270840248	chr22_30000000_30020000
chr22	30000473	30000474	-0.01917	-0.7045655911915208	0.2405403090167768	chr22_30000000_30020000
chr22	30000475	30000476	-0.031231	-0.7158073099868272	0.2370551690356889	chr22_30000000_30020000
chr22	30000480	30000481	-0.0144936	-0.7002068503098053	0.2418990670766017	chr22_30000000_30020000
chr22	30000484	30000485	0.164351	-0.533510829974921	0.2968400081075542	chr22_30000000_30020000
chr22	30000486	30000487	0.269658	-0.4353571378119725	0.3316516085063535	chr22_30000000_30020000
chr22	30000506	30000507	0.592448	-0.1344936596644784	0.4465061121979088	chr22_30000000_30020000
chr22	30000567	30000568	0.546612	-0.1772161057884864	0.4296693226495785	chr22_30000000_30020000
chr22	30000623	30000624	0.492551	-0.227604843023629	0.4099767272902896	chr22_30000000_30020000
chr22	30000624	30000625	0.492551	-0.227604843023629	0.4099767272902896	chr22_30000000_30020000
chr22	30000711	30000712	0.492551	-0.227604843023629	0.4099767272902896	chr22_30000000_30020000
chr22	30000749	30000750	0.492551	-0.227604843023629	0.4099767272902896	chr22_30000000_30020000
chr22	30000776	30000777	0.487205	-0.2325876992278996	0.4080407899908784	chr22_30000000_30020000
chr22	30000829	30000830	0.50247	-0.2183596221687543	0.4135744616330268	chr22_30000000_30020000
chr22	30000839	30000840	0.50247	-0.2183596221687543	0.4135744616330268	chr22_30000000_30020000
chr22	30000849	30000850	0.50247	-0.2183596221687543	0.4135744616330268	chr22_30000000_30020000
chr22	30000859	30000860	0.50247	-0.2183596221687543	0.4135744616330268	chr22_30000000_30020000
chr22	30001008	30001009	0.50247	-0.2183596221687543	0.4135744616330268	chr22_30000000_30020000
chr22	30001075	30001076	0.47061	-0.248055431870973	0.4020457591348064	chr22_30000000_30020000
chr22	30001093	30001094	0.550703	-0.1734029997780727	0.4311673336714533	chr22_30000000_30020000
chr22	30001157	30001158	0.550703	-0.1734029997780727	0.4311673336714533	chr22_30000000_30020000
chr22	30001258	30001259	0.550703	-0.1734029997780727	0.4311673336714533	chr22_30000000_30020000
chr22	30001259	30001260	0.550703	-0.1734029997780727	0.4311673336714533	chr22_30000000_30020000
chr22	30001262	30001263	0.550703	-0.1734029997780727	0.4311673336714533	chr22_30000000_30020000
chr22	30001315	30001316	0.604028	-0.1237002674374949	0.4507762999516234	chr22_30000000_30020000
chr22	30001321	30001322	0.542219	-0.1813106975029197	0.4280618548975391	chr22_30000000_30020000
chr22	30001345	30001346	0.54627	-0.1775348743672107	0.4295441372529616	chr22_30000000_30020000
chr22	30001346	30001347	0.534182	-0.1888017591029426	0.4251240965373066	chr22_30000000_30020000
chr22	30001356	30001357	0.543048	-0.1805380099246668	0.4283651085011003	chr22_30000000_30020000
chr22	30001402	30001403	0.53709	-0.1860912941119179	0.4261865844812231	chr22_30000000_30020000
chr22	30001450	30001451	0.494423	-0.2258600044874534	0.4106551529118644	chr22_30000000_30020000
chr22	30001636	30001637	0.570412	-0.1550327953392458	0.4383977314628954	chr22_30000000_30020000
chr22	30001642	30001643	0.570412	-0.1550327953392458	0.4383977314628954	chr22_30000000_30020000
chr22	30001660	30001661	0.570412	-0.1550327953392458	0.4383977314628954	chr22_30000000_30020000
chr22	30001664	30001665	0.570412	-0.1550327953392458	0.4383977314628954	chr22_30000000_30020000
chr22	30001683	30001684	0.570412	-0.1550327953392458	0.4383977314628954	chr22_30000000_30020000
chr22	30001707	30001708	0.568736	-0.1565949477893688	0.4377820422502784	chr22_30000000_30020000
chr22	30001715	30001716	0.571586	-0.1539385429666656	0.4388290967009825	chr22_30000000_30020000
chr22	30001836	30001837	0.571586	-0.1539385429666656	0.4388290967009825	chr22_30000000_30020000
chr22	30001874	30001875	0.849954	0.1055204386776282	0.4579814264023526	chr22_30000000_30020000
chr22	30001902	30001903	0.731032	-0.0053234119629005	0.4978762759226108	chr22_30000000_30020000
chr22	30001903	30001904	0.731032	-0.0053234119629005	0.4978762759226108	chr22_30000000_30020000
chr22	30001950	30001951	0.731032	-0.0053234119629005	0.4978762759226108	chr22_30000000_30020000
chr22	30001973	30001974	0.718632	-0.0168811031213283	0.4932657340724083	chr22_30000000_30020000
chr22	30001996	30001997	0.737763	0.0009503637780169	0.4996208597642597	chr22_30000000_30020000
chr22	30002051	30002052	0.737763	0.0009503637780169	0.4996208597642597	chr22_30000000_30020000
chr22	30002088	30002089	0.726663	-0.0093956339525111	0.4962517395133666	chr22_30000000_30020000
chr22	30002144	30002145	0.651056	-0.0798667916472897	0.4681716009280902	chr22_30000000_30020000
chr22	30002146	30002147	0.651056	-0.0798667916472897	0.4681716009280902	chr22_30000000_30020000
chr22	30002205	30002206	0.651056	-0.0798667916472897	0.4681716009280902	chr22_30000000_30020000
chr22	30002266	30002267	0.651056	-0.0798667916472897	0.4681716009280902	chr22_30000000_30020000
chr22	30002283	30002284	0.713918	-0.0212748899052661	0.4915131871289366	chr22_30000000_30020000
chr22	30002319	30002320	0.678939	-0.0538778317625765	0.4785162493489142	chr22_30000000_30020000
chr22	30002409	30002410	0.721904	-0.0138313639704916	0.4944822600471493	chr22_30000000_30020000
chr22	30002452	30002453	0.53173	-0.191087199322335	0.4242286381557033	chr22_30000000_30020000
chr22	30002454	30002455	1.18285	0.4158034351192409	0.3387769225079138	chr22_30000000_30020000
chr22	30002505	30002506	1.14598	0.3814379453602704	0.3514391545460562	chr22_30000000_30020000
chr22	30002508	30002509	1.14598	0.3814379453602704	0.3514391545460562	chr22_30000000_30020000
chr22	30002543	30002544	1.14598	0.3814379453602704	0.3514391545460562	chr22_30000000_30020000
chr22	30002547	30002548	1.14598	0.3814379453602704	0.3514391545460562	chr22_30000000_30020000
chr22	30002558	30002559	1.14598	0.3814379453602704	0.3514391545460562	chr22_30000000_30020000
chr22	30002674	30002675	1.16396	0.3981965975399909	0.3452426369061501	chr22_30000000_30020000
chr22	30002868	30002869	1.16039	0.3948691009726048	0.3464697473431957	chr22_30000000_30020000
chr22	30002945	30002946	1.16039	0.3948691009726048	0.3464697473431957	chr22_30000000_30020000
chr22	30003010	30003011	1.1889	0.4214424699183127	0.3367160061830375	chr22_30000000_30020000
chr22	30003060	30003061	1.1821	0.4151043812185295	0.3390327461542207	chr22_30000000_30020000
chr22	30003095	30003096	1.1821	0.4151043812185295	0.3390327461542207	chr22_30000000_30020000
chr22	30003249	30003250	1.16253	0.3968637347693012	0.345733974106807	chr22_30000000_30020000
chr22	30003344	30003345	1.18217	0.4151696262492626	0.339008866137549	chr22_30000000_30020000
chr22	30003427	30003428	1.07946	0.3194365247265108	0.3746977588509352	chr22_30000000_30020000
chr22	30003517	30003518	1.04132	0.2838873036956689	0.3882483732866433	chr22_30000000_30020000
chr22	30003524	30003525	1.04132	0.2838873036956689	0.3882483732866433	chr22_30000000_30020000
chr22	30003574	30003575	1.04132	0.2838873036956689	0.3882483732866433	chr22_30000000_30020000
chr22	30003577	30003578	1.04132	0.2838873036956689	0.3882483732866433	chr22_30000000_30020000
chr22	30003786	30003787	1.04132	0.2838873036956689	0.3882483732866433	chr22_30000000_30020000
chr22	30003789	30003790	1.04132	0.2838873036956689	0.3882483732866433	chr22_30000000_30020000
chr22	30003874	30003875	1.04132	0.2838873036956689	0.3882483732866433	chr22_30000000_30020000
chr22	30004016	30004017	1.04132	0.2838873036956689	0.3882483732866433	chr22_30000000_30020000
chr22	30004073	30004074	1.04132	0.2838873036956689	0.3882483732866433	chr22_30000000_30020000
chr22	30004123	30004124	1.04132	0.2838873036956689	0.3882483732866433	chr22_30000000_30020000
chr22	30004194	30004195	1.04132	0.2838873036956689	0.3882483732866433	chr22_30000000_30020000
chr22	30004229	30004230	1.04132	0.2838873036956689	0.3882483732866433	chr22_30000000_30020000
chr22	30004235	30004236	1.04132	0.2838873036956689	0.3882483732866433	chr22_30000000_30020000
chr22	30004261	30004262	1.04132	0.2838873036956689	0.3882483732866433	chr22_30000000_30020000
chr22	30004298	30004299	1.04132	0.2838873036956689	0.3882483732866433	chr22_30000000_30020000
chr22	30004299	30004300	1.04132	0.2838873036956689	0.3882483732866433	chr22_30000000_30020000
chr22	30004331	30004332	1.04132	0.2838873036956689	0.3882483732866433	chr22_30000000_30020000
chr22	30004364	30004365	1.04132	0.2838873036956689	0.3882483732866433	chr22_30000000_30020000
chr22	30004391	30004392	1.07519	0.3154565778517941	0.3762075075129706	chr22_30000000_30020000
chr22	30004448	30004449	1.02131	0.2652365456246897	0.3954136217134767	chr22_30000000_30020000
chr22	30004500	30004501	1.01755	0.2617319554024567	0.3967640511145445	chr22_30000000_30020000
chr22	30004501	30004502	1.06044	0.3017085178044706	0.3814371372188343	chr22_30000000_30020000
chr22	30004542	30004543	1.06044	0.3017085178044706	0.3814371372188343	chr22_30000000_30020000
chr22	30004563	30004564	1.06044	0.3017085178044706	0.3814371372188343	chr22_30000000_30020000
chr22	30004651	30004652	1.04497	0.2872893660124642	0.3869453821616954	chr22_30000000_30020000
chr22	30004711	30004712	1.10086	0.3393828626934748	0.3671606634600364	chr22_30000000_30020000
chr22	30004761	30004762	1.07898	0.3189891302300555	0.3748673776893078	chr22_30000000_30020000
chr22	30004825	30004826	1.07898	0.3189891302300555	0.3748673776893078	chr22_30000000_30020000
chr22	30004871	30004872	1.00179	0.247042502768842	0.4024376654011896	chr22_30000000_30020000
chr22	30004946	30004947	1.68706	0.8857633914894755	0.1878725203611952	chr22_30000000_30020000
chr22	30005055	30005056	1.68706	0.8857633914894755	0.1878725203611952	chr22_30000000_30020000
chr22	30005237	30005238	2.00121	1.178573768700775	0.1192839709615974	chr22_30000000_30020000
chr22	30005403	30005404	1.62511	0.828021539290717	0.2038291508591493	chr22_30000000_30020000
chr22	30005411	30005412	1.62511	0.828021539290717	0.2038291508591493	chr22_30000000_30020000
chr22	30005486	30005487	1.62511	0.828021539290717	0.2038291508591493	chr22_30000000_30020000
chr22	30005573	30005574	1.62511	0.828021539290717	0.2038291508591493	chr22_30000000_30020000
chr22	30005580	30005581	1.62511	0.828021539290717	0.2038291508591493	chr22_30000000_30020000
chr22	30005618	30005619	1.60202	0.8064999998674832	0.2099773040486027	chr22_30000000_30020000
chr22	30005666	30005667	1.7498	0.94424158046365	0.1725231057423697	chr22_30000000_30020000
chr22	30005773	30005774	1.65418	0.8551168684822893	0.1962432260030314	chr22_30000000_30020000
chr22	30005785	30005786	1.46758	0.6811922579853026	0.24787492308956	chr22_30000000_30020000
chr22	30005803	30005804	1.50175	0.7130411537017121	0.2379101458339391	chr22_30000000_30020000
chr22	30005842	30005843	1.50842	0.7192580730587053	0.2359909619182473	chr22_30000000_30020000
chr22	30005846	30005847	1.50317	0.7143646957537255	0.2375008483267305	chr22_30000000_30020000
chr22	30005849	30005850	1.54538	0.753707449285761	0.2255124539293451	chr22_30000000_30020000
chr22	30005926	30005927	1.42305	0.6396870977203998	0.2611880225996911	chr22_30000000_30020000
chr22	30006084	30006085	1.41231	0.6296766458622132	0.2644530826906565	chr22_30000000_30020000
chr22	30006120	30006121	1.44244	0.6577599712334575	0.2553461897846073	chr22_30000000_30020000
chr22	30006300	30006301	1.43228	0.6482901210584877	0.2583986611744282	chr22_30000000_30020000
chr22	30006412	30006413	1.43228	0.6482901210584877	0.2583986611744282	chr22_30000000_30020000
chr22	30006466	30006467	1.43228	0.6482901210584877	0.2583986611744282	chr22_30000000_30020000
chr22	30006499	30006500	1.43228	0.6482901210584877	0.2583986611744282	chr22_30000000_30020000
chr22	30006505	30006506	1.43228	0.6482901210584877	0.2583986611744282	chr22_30000000_30020000
chr22	30006513	30006514	1.45199	0.6666612575691822	0.2524942654754415	chr22_30000000_30020000
chr22	30006617	30006618	1.41091	0.6283717452475521	0.2648802209973859	chr22_30000000_30020000
chr22	30006644	30006645	1.41091	0.6283717452475521	0.2648802209973859	chr22_30000000_30020000
chr22	30006656	30006657	1.41091	0.6283717452475521	0.2648802209973859	chr22_30000000_30020000
chr22	30006760	30006761	1.42304	0.6396777770017238	0.2611910530292962	chr22_30000000_30020000
chr22	30006796	30006797	1.39581	0.6142974600465632	0.2695093903340895	chr22_30000000_30020000
chr22	30006883	30006884	1.39581	0.6142974600465632	0.2695093903340895	chr22_30000000_30020000
chr22	30007055	30007056	1.39581	0.6142974600465632	0.2695093903340895	chr22_30000000_30020000
chr22	30007158	30007159	1.39581	0.6142974600465632	0.2695093903340895	chr22_30000000_30020000
chr22	30007289	30007290	1.39581	0.6142974600465632	0.2695093903340895	chr22_30000000_30020000
chr22	30007317	30007318	1.39581	0.6142974600465632	0.2695093903340895	chr22_30000000_30020000
chr22	30007361	30007362	1.39581	0.6142974600465632	0.2695093903340895	chr22_30000000_30020000
chr22	30007639	30007640	1.39581	0.6142974600465632	0.2695093903340895	chr22_30000000_30020000
chr22	30007738	30007739	1.39581	0.6142974600465632	0.2695093903340895	chr22_30000000_30020000
chr22	30007779	30007780	1.33772	0.5601534052567992	0.2876874028796318	chr22_30000000_30020000
chr22	30007811	30007812	1.39464	0.6132069359614536	0.2698697595938554	chr22_30000000_30020000
chr22	30007819	30007820	1.39464	0.6132069359614536	0.2698697595938554	chr22_30000000_30020000
chr22	30007918	30007919	1.39464	0.6132069359614536	0.2698697595938554	chr22_30000000_30020000
chr22	30007919	30007920	1.39464	0.6132069359614536	0.2698697595938554	chr22_30000000_30020000
chr22	30007942	30007943	1.39464	0.6132069359614536	0.2698697595938554	chr22_30000000_30020000
chr22	30007951	30007952	1.38807	0.6070832237912219	0.2718978414606087	chr22_30000000_30020000
chr22	30008006	30008007	1.55398	0.7617232673472513	0.2231125927548914	chr22_30000000_30020000
chr22	30008142	30008143	1.50644	0.7174125707608272	0.2365597826626845	chr22_30000000_30020000
chr22	30008202	30008203	1.53522	0.7442375991107912	0.2283663725123986	chr22_30000000_30020000
chr22	30008264	30008265	1.5034	0.7145790722832772	0.2374345900504427	chr22_30000000_30020000
chr22	30008392	30008393	1.5034	0.7145790722832772	0.2374345900504427	chr22_30000000_30020000
chr22	30008448	30008449	1.5034	0.7145790722832772	0.2374345900504427	chr22_30000000_30020000
chr22	30008480	30008481	1.5034	0.7145790722832772	0.2374345900504427	chr22_30000000_30020000
chr22	30008482	30008483	1.5034	0.7145790722832772	0.2374345900504427	chr22_30000000_30020000
chr22	30008502	30008503	1.5034	0.7145790722832772	0.2374345900504427	chr22_30000000_30020000
chr22	30008524	30008525	1.5034	0.7145790722832772	0.2374345900504427	chr22_30000000_30020000
chr22	30008540	30008541	1.5034	0.7145790722832772	0.2374345900504427	chr22_30000000_30020000
chr22	30008546	30008547	1.45726	0.6715732763115142	0.250927697913723	chr22_30000000_30020000
chr22	30008557	30008558	1.63295	0.8353289827328196	0.2017662516237253	chr22_30000000_30020000
chr22	30008595	30008596	1.56795	0.774744311337835	0.2192453808427067	chr22_30000000_30020000
chr22	30008610	30008611	1.55079	0.7587499580895589	0.2240010728969294	chr22_30000000_30020000
chr22	30008631	30008632	1.55079	0.7587499580895589	0.2240010728969294	chr22_30000000_30020000
chr22	30008651	30008652	1.54797	0.7561215154228844	0.2247881716368726	chr22_30000000_30020000
chr22	30008663	30008664	1.6591	0.8597026620709559	0.1949764834882766	chr22_30000000_30020000
chr22	30008734	30008735	1.64203	0.8437921952907654	0.1993927687789006	chr22_30000000_30020000
chr22	30008758	30008759	1.64126	0.8430744999527016	0.1995933896098621	chr22_30000000_30020000
chr22	30008764	30008765	1.64546	0.8469892017966851	0.1985005701260609	chr22_30000000_30020000
chr22	30008828	30008829	1.65764	0.8583418371442377	0.1953518669967043	chr22_30000000_30020000
chr22	30008873	30008874	1.65764	0.8583418371442377	0.1953518669967043	chr22_30000000_30020000
chr22	30008905	30008906	1.65764	0.8583418371442377	0.1953518669967043	chr22_30000000_30020000
chr22	30008964	30008965	1.65764	0.8583418371442377	0.1953518669967043	chr22_30000000_30020000
chr22	30009161	30009162	1.67455	0.87410317242561	0.1910310350001442	chr22_30000000_30020000
chr22	30009185	30009186	1.40576	0.6235715751293338	0.2664544914839208	chr22_30000000_30020000
chr22	30009237	30009238	1.41153	0.6289496298054733	0.264691016495567	chr22_30000000_30020000
chr22	30009459	30009460	1.39226	0.6109886049165295	0.2706035620865322	chr22_30000000_30020000
chr22	30009488	30009489	1.40517	0.623021652727441	0.2666351465147021	chr22_30000000_30020000
chr22	30009489	30009490	1.38555	0.6047344026848318	0.2726777427820795	chr22_30000000_30020000
chr22	30009511	30009512	1.38555	0.6047344026848318	0.2726777427820795	chr22_30000000_30020000
chr22	30009591	30009592	1.38555	0.6047344026848318	0.2726777427820795	chr22_30000000_30020000
chr22	30009749	30009750	1.38555	0.6047344026848318	0.2726777427820795	chr22_30000000_30020000
chr22	30009831	30009832	1.38555	0.6047344026848318	0.2726777427820795	chr22_30000000_30020000
chr22	30009936	30009937	1.38555	0.6047344026848318	0.2726777427820795	chr22_30000000_30020000
chr22	30009993	30009994	1.44767	0.6626347071010849	0.2537822681003169	chr22_30000000_30020000
chr22	30010021	30010022	1.28607	0.5120118932944767	0.3043213429271152	chr22_30000000_30020000
chr22	30010135	30010136	1.28607	0.5120118932944767	0.3043213429271152	chr22_30000000_30020000
chr22	30010205	30010206	1.28607	0.5120118932944767	0.3043213429271152	chr22_30000000_30020000
chr22	30010239	30010240	1.28607	0.5120118932944767	0.3043213429271152	chr22_30000000_30020000
chr22	30010286	30010287	1.28607	0.5120118932944767	0.3043213429271152	chr22_30000000_30020000
chr22	30010292	30010293	1.28607	0.5120118932944767	0.3043213429271152	chr22_30000000_30020000
chr22	30010366	30010367	1.28607	0.5120118932944767	0.3043213429271152	chr22_30000000_30020000
chr22	30010390	30010391	1.26685	0.4940974719989136	0.3106186715756306	chr22_30000000_30020000
chr22	30010572	30010573	1.29551	0.5208106517247637	0.3012493410566428	chr22_30000000_30020000
chr22	30010588	30010589	1.29551	0.5208106517247637	0.3012493410566428	chr22_30000000_30020000
chr22	30010623	30010624	1.29551	0.5208106517247637	0.3012493410566428	chr22_30000000_30020000
chr22	30010675	30010676	1.30775	0.5322192113843731	0.2972870893301307	chr22_30000000_30020000
chr22	30010702	30010703	1.2969	0.5221062316207488	0.3007981839490487	chr22_30000000_30020000
chr22	30010869	30010870	1.2969	0.5221062316207488	0.3007981839490487	chr22_30000000_30020000
chr22	30010894	30010895	1.2969	0.5221062316207488	0.3007981839490487	chr22_30000000_30020000
chr22	30010897	30010898	1.2969	0.5221062316207488	0.3007981839490487	chr22_30000000_30020000
chr22	30010936	30010937	1.2969	0.5221062316207488	0.3007981839490487	chr22_30000000_30020000
chr22	30011029	30011030	1.2969	0.5221062316207488	0.3007981839490487	chr22_30000000_30020000
chr22	30011071	30011072	1.2969	0.5221062316207488	0.3007981839490487	chr22_30000000_30020000
chr22	30011224	30011225	1.37179	0.5919090937864474	0.2769557319809967	chr22_30000000_30020000
chr22	30011269	30011270	1.34119	0.5633876946374239	0.2865854572947983	chr22_30000000_30020000
chr22	30011283	30011284	1.72906	0.9249104099293118	0.1775062556231034	chr22_30000000_30020000
chr22	30011347	30011348	1.48004	0.6928058734557873	0.2442156928857843	chr22_30000000_30020000
chr22	30011374	30011375	1.54477	0.7531388854465159	0.2256832297707325	chr22_30000000_30020000
chr22	30011398	30011399	1.70643	0.9038176235651808	0.1830460575873669	chr22_30000000_30020000
chr22	30011454	30011455	1.62436	0.8273224853900056	0.204027151215573	chr22_30000000_30020000
chr22	30011489	30011490	1.61046	0.8143666864301551	0.2077174585838521	chr22_30000000_30020000
chr22	30011662	30011663	1.78897	0.9807508355181352	0.1633578141751621	chr22_30000000_30020000
chr22	30011826	30011827	1.56158	0.7688070135411265	0.2210039423505789	chr22_30000000_30020000
chr22	30011861	30011862	1.56158	0.7688070135411265	0.2210039423505789	chr22_30000000_30020000
chr22	30011909	30011910	1.60745	0.8115611501086335	0.2085217456002401	chr22_30000000_30020000
chr22	30011939	30011940	1.5638	0.7708762130872322	0.2203901538187622	chr22_30000000_30020000
chr22	30011970	30011971	1.5638	0.7708762130872322	0.2203901538187622	chr22_30000000_30020000
chr22	30011996	30011997	1.5638	0.7708762130872322	0.2203901538187622	chr22_30000000_30020000
chr22	30012156	30012157	1.56251	0.7696738403780087	0.2207466957225595	chr22_30000000_30020000
chr22	30012179	30012180	1.57488	0.781203569380408	0.2173413873632434	chr22_30000000_30020000
chr22	30012300	30012301	1.56049	0.7677910552054259	0.2213056647432909	chr22_30000000_30020000
chr22	30012615	30012616	1.56049	0.7677910552054259	0.2213056647432909	chr22_30000000_30020000
chr22	30012621	30012622	1.56049	0.7677910552054259	0.2213056647432909	chr22_30000000_30020000
chr22	30012653	30012654	1.56049	0.7677910552054259	0.2213056647432909	chr22_30000000_30020000
chr22	30012720	30012721	1.53456	0.7436224316781651	0.2285524642946143	chr22_30000000_30020000
chr22	30012817	30012818	1.43226	0.6482714796211355	0.2584046885662664	chr22_30000000_30020000
chr22	30012824	30012825	1.43226	0.6482714796211355	0.2584046885662664	chr22_30000000_30020000
chr22	30012831	30012832	1.4202	0.6370306928976966	0.2620524256644392	chr22_30000000_30020000
chr22	30012906	30012907	1.44722	0.662215274760658	0.2539166331376085	chr22_30000000_30020000
chr22	30012952	30012953	1.44722	0.662215274760658	0.2539166331376085	chr22_30000000_30020000
chr22	30012993	30012994	1.44524	0.6603697724627802	0.2545082825517651	chr22_30000000_30020000
chr22	30013037	30013038	1.45019	0.6649835282074751	0.2530305142901257	chr22_30000000_30020000
chr22	30013088	30013089	1.45019	0.6649835282074751	0.2530305142901257	chr22_30000000_30020000
chr22	30013114	30013115	1.45019	0.6649835282074751	0.2530305142901257	chr22_30000000_30020000
chr22	30013187	30013188	1.45019	0.6649835282074751	0.2530305142901257	chr22_30000000_30020000
chr22	30013192	30013193	1.45019	0.6649835282074751	0.2530305142901257	chr22_30000000_30020000
chr22	30013216	30013217	1.45019	0.6649835282074751	0.2530305142901257	chr22_30000000_30020000
chr22	30013230	30013231	1.45019	0.6649835282074751	0.2530305142901257	chr22_30000000_30020000
chr22	30013307	30013308	1.45019	0.6649835282074751	0.2530305142901257	chr22_30000000_30020000
chr22	30013323	30013324	1.45019	0.6649835282074751	0.2530305142901257	chr22_30000000_30020000
chr22	30013377	30013378	1.45019	0.6649835282074751	0.2530305142901257	chr22_30000000_30020000
chr22	30013423	30013424	1.45019	0.6649835282074751	0.2530305142901257	chr22_30000000_30020000
chr22	30013661	30013662	1.45019	0.6649835282074751	0.2530305142901257	chr22_30000000_30020000
chr22	30013773	30013774	1.45916	0.6733442128599829	0.2503641655176239	chr22_30000000_30020000
chr22	30013864	30013865	1.44633	0.6613857307984805	0.2541824872223247	chr22_30000000_30020000
chr22	30013874	30013875	1.44633	0.6613857307984805	0.2541824872223247	chr22_30000000_30020000
chr22	30013920	30013921	1.44633	0.6613857307984805	0.2541824872223247	chr22_30000000_30020000
chr22	30014025	30014026	1.44633	0.6613857307984805	0.2541824872223247	chr22_30000000_30020000
chr22	30014076	30014077	1.44633	0.6613857307984805	0.2541824872223247	chr22_30000000_30020000
chr22	30014093	30014094	1.44633	0.6613857307984805	0.2541824872223247	chr22_30000000_30020000
chr22	30014119	30014120	1.44633	0.6613857307984805	0.2541824872223247	chr22_30000000_30020000
chr22	30014129	30014130	1.44633	0.6613857307984805	0.2541824872223247	chr22_30000000_30020000
chr22	30014165	30014166	1.44633	0.6613857307984805	0.2541824872223247	chr22_30000000_30020000
chr22	30014241	30014242	1.48115	0.69384047322884	0.2438911288444674	chr22_30000000_30020000
chr22	30014345	30014346	1.40364	0.6215955827699898	0.2671039131500066	chr22_30000000_30020000
chr22	30014413	30014414	1.42303	0.6396684562830476	0.2611940834769697	chr22_30000000_30020000
chr22	30014450	30014451	1.43346	0.6493899658622736	0.2580431740259705	chr22_30000000_30020000
chr22	30014468	30014469	1.41666	0.6337311584863391	0.2631281434077551	chr22_30000000_30020000
chr22	30014597	30014598	1.41666	0.6337311584863391	0.2631281434077551	chr22_30000000_30020000
chr22	30014714	30014715	1.41666	0.6337311584863391	0.2631281434077551	chr22_30000000_30020000
chr22	30014759	30014760	1.41666	0.6337311584863391	0.2631281434077551	chr22_30000000_30020000
chr22	30014839	30014840	1.41666	0.6337311584863391	0.2631281434077551	chr22_30000000_30020000
chr22	30014876	30014877	1.41666	0.6337311584863391	0.2631281434077551	chr22_30000000_30020000
chr22	30014891	30014892	1.41666	0.6337311584863391	0.2631281434077551	chr22_30000000_30020000
chr22	30014981	30014982	1.41666	0.6337311584863391	0.2631281434077551	chr22_30000000_30020000
chr22	30015107	30015108	1.41666	0.6337311584863391	0.2631281434077551	chr22_30000000_30020000
chr22	30015124	30015125	1.41666	0.6337311584863391	0.2631281434077551	chr22_30000000_30020000
chr22	30015166	30015167	1.41666	0.6337311584863391	0.2631281434077551	chr22_30000000_30020000
chr22	30015167	30015168	1.41666	0.6337311584863391	0.2631281434077551	chr22_30000000_30020000
chr22	30015239	30015240	1.41666	0.6337311584863391	0.2631281434077551	chr22_30000000_30020000
chr22	30015267	30015268	1.41666	0.6337311584863391	0.2631281434077551	chr22_30000000_30020000
chr22	30015418	30015419	1.41666	0.6337311584863391	0.2631281434077551	chr22_30000000_30020000
chr22	30015425	30015426	1.41666	0.6337311584863391	0.2631281434077551	chr22_30000000_30020000
chr22	30015472	30015473	1.3605	0.5813860024010723	0.2804901646258783	chr22_30000000_30020000
chr22	30015484	30015485	1.39902	0.6172894107416078	0.2685219250727798	chr22_30000000_30020000
chr22	30015570	30015571	1.39902	0.6172894107416078	0.2685219250727798	chr22_30000000_30020000
chr22	30015797	30015798	1.39902	0.6172894107416078	0.2685219250727798	chr22_30000000_30020000
chr22	30015881	30015882	1.39902	0.6172894107416078	0.2685219250727798	chr22_30000000_30020000
chr22	30015955	30015956	1.39902	0.6172894107416078	0.2685219250727798	chr22_30000000_30020000
chr22	30015966	30015967	1.39902	0.6172894107416078	0.2685219250727798	chr22_30000000_30020000
chr22	30016103	30016104	1.39902	0.6172894107416078	0.2685219250727798	chr22_30000000_30020000
chr22	30016141	30016142	1.39902	0.6172894107416078	0.2685219250727798	chr22_30000000_30020000
chr22	30016221	30016222	1.39902	0.6172894107416078	0.2685219250727798	chr22_30000000_30020000
chr22	30016230	30016231	1.57766	0.7837947291723781	0.2165802835620389	chr22_30000000_30020000
chr22	30016278	30016279	1.52549	0.7351685398388959	0.2311184281568983	chr22_30000000_30020000
chr22	30016341	30016342	1.48887	0.7010360680468289	0.2416402532444306	chr22_30000000_30020000
chr22	30016344	30016345	1.53282	0.7420006266285148	0.229043477965261	chr22_30000000_30020000
chr22	30016475	30016476	1.60917	0.8131643137209315	0.2080619283906801	chr22_30000000_30020000
chr22	30016479	30016480	1.57886	0.7849132154135162	0.2162522265700042	chr22_30000000_30020000
chr22	30016513	30016514	1.57886	0.7849132154135162	0.2162522265700042	chr22_30000000_30020000
chr22	30016533	30016534	1.57886	0.7849132154135162	0.2162522265700042	chr22_30000000_30020000
chr22	30016711	30016712	1.57886	0.7849132154135162	0.2162522265700042	chr22_30000000_30020000
chr22	30016769	30016770	1.62119	0.8243678175696655	0.2048652975886691	chr22_30000000_30020000
chr22	30016784	30016785	1.60608	0.8102842116500006	0.208888423684703	chr22_30000000_30020000
chr22	30016786	30016787	1.57126	0.7778294692196412	0.2183347762618627	chr22_30000000_30020000
chr22	30016896	30016897	1.58157	0.7874391301747533	0.2155124239390422	chr22_30000000_30020000
chr22	30017069	30017070	1.58157	0.7874391301747533	0.2155124239390422	chr22_30000000_30020000
chr22	30017306	30017307	1.58157	0.7874391301747533	0.2155124239390422	chr22_30000000_30020000
chr22	30017337	30017338	1.58157	0.7874391301747533	0.2155124239390422	chr22_30000000_30020000
chr22	30017340	30017341	1.58157	0.7874391301747533	0.2155124239390422	chr22_30000000_30020000
chr22	30017349	30017350	1.63669	0.8388149315177004	0.2007865852106874	chr22_30000000_30020000
chr22	30017408	30017409	1.63531	0.8375286723403915	0.2011477335851819	chr22_30000000_30020000
chr22	30017681	30017682	1.64401	0.8456376975886433	0.1988774444211068	chr22_30000000_30020000
chr22	30017703	30017704	1.57738	0.7835337490494458	0.2166568715992939	chr22_30000000_30020000
chr22	30017712	30017713	1.57654	0.7827508086806492	0.2168867296800279	chr22_30000000_30020000
chr22	30017887	30017888	1.63163	0.8340986478675677	0.202112698513434	chr22_30000000_30020000
chr22	30018063	30018064	1.41089	0.6283531038101996	0.2648863255127196	chr22_30000000_30020000
chr22	30018101	30018102	1.4182	0.6351665491624663	0.262659898680486	chr22_30000000_30020000
chr22	30018179	30018180	1.3263	0.5495091445286342	0.2913280453740977	chr22_30000000_30020000
chr22	30018322	30018323	1.30844	0.5328623409730276	0.2970644378105322	chr22_30000000_30020000
chr22	30018350	30018351	1.30804	0.5324895122259816	0.2971935018656306	chr22_30000000_30020000
chr22	30018369	30018370	1.20664	0.4379774248498053	0.3307013241852861	chr22_30000000_30020000
chr22	30018412	30018413	1.20664	0.4379774248498053	0.3307013241852861	chr22_30000000_30020000
chr22	30018422	30018423	1.20664	0.4379774248498053	0.3307013241852861	chr22_30000000_30020000
chr22	30018455	30018456	1.20664	0.4379774248498053	0.3307013241852861	chr22_30000000_30020000
chr22	30018472	30018473	1.20664	0.4379774248498053	0.3307013241852861	chr22_30000000_30020000
chr22	30018520	30018521	1.20664	0.4379774248498053	0.3307013241852861	chr22_30000000_30020000
chr22	30018547	30018548	1.20664	0.4379774248498053	0.3307013241852861	chr22_30000000_30020000
chr22	30018575	30018576	1.20664	0.4379774248498053	0.3307013241852861	chr22_30000000_30020000
chr22	30018647	30018648	1.20664	0.4379774248498053	0.3307013241852861	chr22_30000000_30020000
chr22	30018688	30018689	1.20664	0.4379774248498053	0.3307013241852861	chr22_30000000_30020000
chr22	30018695	30018696	1.20664	0.4379774248498053	0.3307013241852861	chr22_30000000_30020000
chr22	30018739	30018740	1.20664	0.4379774248498053	0.3307013241852861	chr22_30000000_30020000
chr22	30018750	30018751	1.20664	0.4379774248498053	0.3307013241852861	chr22_30000000_30020000
chr22	30018751	30018752	1.20664	0.4379774248498053	0.3307013241852861	chr22_30000000_30020000
chr22	30018789	30018790	1.20664	0.4379774248498053	0.3307013241852861	chr22_30000000_30020000
chr22	30018900	30018901	1.20664	0.4379774248498053	0.3307013241852861	chr22_30000000_30020000
chr22	30018924	30018925	1.20664	0.4379774248498053	0.3307013241852861	chr22_30000000_30020000
chr22	30018925	30018926	1.20016	0.4319375991476591	0.3328933833721473	chr22_30000000_30020000
chr22	30018954	30018955	1.22814	0.4580169700035311	0.3234701246945679	chr22_30000000_30020000
chr22	30019033	30019034	1.22814	0.4580169700035311	0.3234701246945679	chr22_30000000_30020000
chr22	30019063	30019064	1.2101	0.4412023935117538	0.329533240294613	chr22_30000000_30020000
chr22	30019103	30019104	1.22328	0.4534871007269214	0.3250990148755291	chr22_30000000_30020000
chr22	30019158	30019159	1.23296	0.4625095564054362	0.3218579754226913	chr22_30000000_30020000
chr22	30019180	30019181	1.23296	0.4625095564054362	0.3218579754226913	chr22_30000000_30020000
chr22	30019181	30019182	1.23296	0.4625095564054362	0.3218579754226913	chr22_30000000_30020000
chr22	30019201	30019202	1.26439	0.4918045752045802	0.3114287509354607	chr22_30000000_30020000
chr22	30019246	30019247	1.23878	0.4679342146749563	0.3199158174531471	chr22_30000000_30020000
chr22	30019270	30019271	1.23878	0.4679342146749563	0.3199158174531471	chr22_30000000_30020000
chr22	30019285	30019286	1.23878	0.4679342146749563	0.3199158174531471	chr22_30000000_30020000
chr22	30019307	30019308	1.23878	0.4679342146749563	0.3199158174531471	chr22_30000000_30020000
chr22	30019341	30019342	1.23878	0.4679342146749563	0.3199158174531471	chr22_30000000_30020000
chr22	30019342	30019343	1.24969	0.4781031187506375	0.3162884062145474	chr22_30000000_30020000
chr22	30019356	30019357	1.23625	0.46557607284989	0.3207594865303486	chr22_30000000_30020000
chr22	30019421	30019422	1.23625	0.46557607284989	0.3207594865303486	chr22_30000000_30020000
chr22	30019433	30019434	1.23625	0.46557607284989	0.3207594865303486	chr22_30000000_30020000
chr22	30019441	30019442	1.23625	0.46557607284989	0.3207594865303486	chr22_30000000_30020000
chr22	30019676	30019677	1.21806	0.4486216855779703	0.326852293779316	chr22_30000000_30020000
chr22	30019679	30019680	1.23891	0.4680553840177462	0.3198724919696821	chr22_30000000_30020000
chr22	30019687	30019688	1.23891	0.4680553840177462	0.3198724919696821	chr22_30000000_30020000
chr22	30019788	30019789	1.23891	0.4680553840177462	0.3198724919696821	chr22_30000000_30020000
chr22	30019948	30019949	1.27446	0.5011905389114648	0.3081185160821609	chr22_30000000_30020000
chr22	30019993	30019994	1.18993	0.4224025039419562	0.3363656252762312	chr22_30000000_30020000
chr22	40000023	40000024	-1.70899	-2.2795992745249527	0.011315733016123	chr22_40000000_40020000
chr22	40000045	40000046	-1.56187	-2.142472861361412	0.0160777251195524	chr22_40000000_40020000
chr22	40000240	40000241	-1.56187	-2.142472861361412	0.0160777251195524	chr22_40000000_40020000
chr22	40000242	40000243	-1.56187	-2.142472861361412	0.0160777251195524	chr22_40000000_40020000
chr22	40000288	40000289	-1.56187	-2.142472861361412	0.0160777251195524	chr22_40000000_40020000
chr22	40000291	40000292	-1.56187	-2.142472861361412	0.0160777251195524	chr22_40000000_40020000
chr22	40000398	40000399	-1.56187	-2.142472861361412	0.0160777251195524	chr22_40000000_40020000
chr22	40000401	40000402	-1.57851	-2.157982537238528	0.0154645947654678	chr22_40000000_40020000
chr22	40000404	40000405	-1.73869	-2.3072818089931224	0.0105195574796082	chr22_40000000_40020000
chr22	40000459	40000460	-1.42273	-2.01278438170144	0.022068658844146	chr22_40000000_40020000
chr22	40000470	40000471	-1.42273	-2.01278438170144	0.022068658844146	chr22_40000000_40020000
chr22	40000509	40000510	-1.42273	-2.01278438170144	0.022068658844146	chr22_40000000_40020000
chr22	40000519	40000520	-1.42273	-2.01278438170144	0.022068658844146	chr22_40000000_40020000
chr22	40000539	40000540	-1.45793	-2.045593311441493	0.0203982000408829	chr22_40000000_40020000
chr22	40000716	40000717	-1.44473	-2.0332899627889733	0.0210116183193491	chr22_40000000_40020000
chr22	40000738	40000739	-1.42771	-2.017426099602164	0.0218255329327829	chr22_40000000_40020000
chr22	40000793	40000794	-1.42771	-2.017426099602164	0.0218255329327829	chr22_40000000_40020000
chr22	40000825	40000826	-1.42771	-2.017426099602164	0.0218255329327829	chr22_40000000_40020000
chr22	40000901	40000902	-1.42771	-2.017426099602164	0.0218255329327829	chr22_40000000_40020000
chr22	40000924	40000925	-1.42771	-2.017426099602164	0.0218255329327829	chr22_40000000_40020000
chr22	40000989	40000990	-1.4412	-2.029999749096292	0.0211782823945808	chr22_40000000_40020000
chr22	40001028	40001029	-1.47469	-2.061214835942723	0.0196412743816345	chr22_40000000_40020000
chr22	40001069	40001070	-1.43652	-2.025637652755853	0.0214009650359602	chr22_40000000_40020000
chr22	40001087	40001088	-1.43652	-2.025637652755853	0.0214009650359602	chr22_40000000_40020000
chr22	40001101	40001102	-1.43652	-2.025637652755853	0.0214009650359602	chr22_40000000_40020000
chr22	40001105	40001106	-1.43652	-2.025637652755853	0.0214009650359602	chr22_40000000_40020000
chr22	40001177	40001178	-1.43652	-2.025637652755853	0.0214009650359602	chr22_40000000_40020000
chr22	40001240	40001241	-1.43652	-2.025637652755853	0.0214009650359602	chr22_40000000_40020000
chr22	40001251	40001252	-1.43652	-2.025637652755853	0.0214009650359602	chr22_40000000_40020000
chr22	40001290	40001291	-1.43652	-2.025637652755853	0.0214009650359602	chr22_40000000_40020000
chr22	40001303	40001304	-1.33843	-1.9342107232614831	0.0265436122454763	chr22_40000000_40020000
chr22	40001317	40001318	-1.48625	-2.071989586732354	0.0191332061641838	chr22_40000000_40020000
chr22	40001337	40001338	-1.48625	-2.071989586732354	0.0191332061641838	chr22_40000000_40020000
chr22	40001388	40001389	-1.46108	-2.0485293378244807	0.0202540802326811	chr22_40000000_40020000
chr22	40001389	40001390	-1.47116	-2.0579246222500416	0.0197986848730729	chr22_40000000_40020000
chr22	40001403	40001404	-1.47116	-2.0579246222500416	0.0197986848730729	chr22_40000000_40020000
chr22	40001409	40001410	-1.47116	-2.0579246222500416	0.0197986848730729	chr22_40000000_40020000
chr22	40001454	40001455	-1.47116	-2.0579246222500416	0.0197986848730729	chr22_40000000_40020000
chr22	40001518	40001519	-1.5787	-2.158159630893375	0.0154577114200545	chr22_40000000_40020000
chr22	40001678	40001679	-1.46728	-2.054308183403695	0.0199729366019123	chr22_40000000_40020000
chr22	40001696	40001697	-1.46728	-2.054308183403695	0.0199729366019123	chr22_40000000_40020000
chr22	40001753	40001754	-1.46728	-2.054308183403695	0.0199729366019123	chr22_40000000_40020000
chr22	40001832	40001833	-1.46728	-2.054308183403695	0.0199729366019123	chr22_40000000_40020000
chr22	40001841	40001842	-1.46728	-2.054308183403695	0.0199729366019123	chr22_40000000_40020000
chr22	40001898	40001899	-1.46728	-2.054308183403695	0.0199729366019123	chr22_40000000_40020000
chr22	40001926	40001927	-1.46728	-2.054308183403695	0.0199729366019123	chr22_40000000_40020000
chr22	40001960	40001961	-1.46728	-2.054308183403695	0.0199729366019123	chr22_40000000_40020000
chr22	40002032	40002033	-1.46728	-2.054308183403695	0.0199729366019123	chr22_40000000_40020000
chr22	40002107	40002108	-1.46728	-2.054308183403695	0.0199729366019123	chr22_40000000_40020000
chr22	40002108	40002109	-1.46728	-2.054308183403695	0.0199729366019123	chr22_40000000_40020000
chr22	40002156	40002157	-1.48169	-2.067739339016029	0.0193322702949502	chr22_40000000_40020000
chr22	40002185	40002186	-1.46743	-2.0544479941838367	0.0199661759674464	chr22_40000000_40020000
chr22	40002279	40002280	-1.46743	-2.0544479941838367	0.0199661759674464	chr22_40000000_40020000
chr22	40002343	40002344	-1.46743	-2.0544479941838367	0.0199661759674464	chr22_40000000_40020000
chr22	40002414	40002415	-1.46743	-2.0544479941838367	0.0199661759674464	chr22_40000000_40020000
chr22	40002470	40002471	-1.46743	-2.0544479941838367	0.0199661759674464	chr22_40000000_40020000
chr22	40002495	40002496	-1.46743	-2.0544479941838367	0.0199661759674464	chr22_40000000_40020000
chr22	40002501	40002502	-1.46743	-2.0544479941838367	0.0199661759674464	chr22_40000000_40020000
chr22	40002506	40002507	-1.46743	-2.0544479941838367	0.0199661759674464	chr22_40000000_40020000
chr22	40002580	40002581	-1.46743	-2.0544479941838367	0.0199661759674464	chr22_40000000_40020000
chr22	40002607	40002608	-1.46743	-2.0544479941838367	0.0199661759674464	chr22_40000000_40020000
chr22	40002742	40002743	-1.46743	-2.0544479941838367	0.0199661759674464	chr22_40000000_40020000
chr22	40002840	40002841	-1.57921	-2.1586349875458586	0.0154392480753613	chr22_40000000_40020000
chr22	40002840	40002841	-1.29199	-1.890925305729435	0.0293171579198119	chr22_40000000_40020000
chr22	40002865	40002866	-1.29199	-1.890925305729435	0.0293171579198119	chr22_40000000_40020000
chr22	40002866	40002867	-1.29199	-1.890925305729435	0.0293171579198119	chr22_40000000_40020000
chr22	40002871	40002872	-1.26649	-1.8671574731052487	0.0309398002008636	chr22_40000000_40020000
chr22	40002882	40002883	-1.28113	-1.880803005247135	0.0299993606089087	chr22_40000000_40020000
chr22	40002921	40002922	-1.28113	-1.880803005247135	0.0299993606089087	chr22_40000000_40020000
chr22	40003031	40003032	-1.28113	-1.880803005247135	0.0299993606089087	chr22_40000000_40020000
chr22	40003084	40003085	-1.28113	-1.880803005247135	0.0299993606089087	chr22_40000000_40020000
chr22	40003164	40003165	-1.17744	-1.78415647329412	0.0371991214337482	chr22_40000000_40020000
chr22	40003172	40003173	-1.21681	-1.8208521427221285	0.0343146678062292	chr22_40000000_40020000
chr22	40003204	40003205	-1.21681	-1.8208521427221285	0.0343146678062292	chr22_40000000_40020000
chr22	40003215	40003216	-1.21681	-1.8208521427221285	0.0343146678062292	chr22_40000000_40020000
chr22	40003232	40003233	-1.21681	-1.8208521427221285	0.0343146678062292	chr22_40000000_40020000
chr22	40003288	40003289	-1.21681	-1.8208521427221285	0.0343146678062292	chr22_40000000_40020000
chr22	40003299	40003300	-1.21681	-1.8208521427221285	0.0343146678062292	chr22_40000000_40020000
chr22	40003393	40003394	-1.21681	-1.8208521427221285	0.0343146678062292	chr22_40000000_40020000
chr22	40003443	40003444	-1.21681	-1.8208521427221285	0.0343146678062292	chr22_40000000_40020000
chr22	40003445	40003446	-1.21681	-1.8208521427221285	0.0343146678062292	chr22_40000000_40020000
chr22	40003486	40003487	-1.21681	-1.8208521427221285	0.0343146678062292	chr22_40000000_40020000
chr22	40003538	40003539	-1.21681	-1.8208521427221285	0.0343146678062292	chr22_40000000_40020000
chr22	40003566	40003567	-1.21681	-1.8208521427221285	0.0343146678062292	chr22_40000000_40020000
chr22	40003595	40003596	-1.21681	-1.8208521427221285	0.0343146678062292	chr22_40000000_40020000
chr22	40003704	40003705	-1.21681	-1.8208521427221285	0.0343146678062292	chr22_40000000_40020000
chr22	40003768	40003769	-1.21681	-1.8208521427221285	0.0343146678062292	chr22_40000000_40020000
chr22	40003812	40003813	-1.21681	-1.8208521427221285	0.0343146678062292	chr22_40000000_40020000
chr22	40003815	40003816	-1.21681	-1.8208521427221285	0.0343146678062292	chr22_40000000_40020000
chr22	40003822	40003823	-1.57726	-2.156817447404009	0.0155099455639837	chr22_40000000_40020000
chr22	40003831	40003832	-1.54226	-2.124194932037479	0.0168269234206587	chr22_40000000_40020000
chr22	40003858	40003859	-1.54226	-2.124194932037479	0.0168269234206587	chr22_40000000_40020000
chr22	40003892	40003893	-1.54226	-2.124194932037479	0.0168269234206587	chr22_40000000_40020000
chr22	40004014	40004015	-1.55384	-2.1349883242644623	0.0163809819239253	chr22_40000000_40020000
chr22	40004020	40004021	-1.55029	-2.1316794691344283	0.0165166028730634	chr22_40000000_40020000
chr22	40004147	40004148	-1.57376	-2.153555195867356	0.0156375355558156	chr22_40000000_40020000
chr22	40004159	40004160	-1.58975	-2.168459025030522	0.0150618894822658	chr22_40000000_40020000
chr22	40004234	40004235	-1.57794	-2.157451256273988	0.0154852605913256	chr22_40000000_40020000
chr22	40004256	40004257	-1.57794	-2.157451256273988	0.0154852605913256	chr22_40000000_40020000
chr22	40004299	40004300	-1.63869	-2.214074622231608	0.013411823028076	chr22_40000000_40020000
chr22	40004327	40004328	-1.61244	-2.18960773570671	0.0142763487581608	chr22_40000000_40020000
chr22	40004335	40004336	-1.61244	-2.18960773570671	0.0142763487581608	chr22_40000000_40020000
chr22	40004348	40004349	-1.61244	-2.18960773570671	0.0142763487581608	chr22_40000000_40020000
chr22	40004366	40004367	-1.61244	-2.18960773570671	0.0142763487581608	chr22_40000000_40020000
chr22	40004405	40004406	-1.61244	-2.18960773570671	0.0142763487581608	chr22_40000000_40020000
chr22	40004413	40004414	-1.63583	-2.2114088966902283	0.0135037671590999	chr22_40000000_40020000
chr22	40004491	40004492	-1.62502	-2.2013331998013084	0.0138562220982259	chr22_40000000_40020000
chr22	40004591	40004592	-1.62502	-2.2013331998013084	0.0138562220982259	chr22_40000000_40020000
chr22	40004603	40004604	-1.62502	-2.2013331998013084	0.0138562220982259	chr22_40000000_40020000
chr22	40004610	40004611	-1.62502	-2.2013331998013084	0.0138562220982259	chr22_40000000_40020000
chr22	40004730	40004731	-1.66254	-2.2363045362742286	0.012665914755332	chr22_40000000_40020000
chr22	40004784	40004785	-1.65916	-2.2331541333616896	0.0127693909052863	chr22_40000000_40020000
chr22	40004907	40004908	-1.64901	-2.223693603905396	0.0130845329319705	chr22_40000000_40020000
chr22	40004999	40005000	-1.6186	-2.1953492984112195	0.0140692755543312	chr22_40000000_40020000
chr22	40005131	40005132	-1.6186	-2.1953492984112195	0.0140692755543312	chr22_40000000_40020000
chr22	40005159	40005160	-1.6186	-2.1953492984112195	0.0140692755543312	chr22_40000000_40020000
chr22	40005235	40005236	-1.70072	-2.271891040179775	0.0115465461027215	chr22_40000000_40020000
chr22	40005357	40005358	-1.68873	-2.2607154984870697	0.0118884400618799	chr22_40000000_40020000
chr22	40005490	40005491	-1.68873	-2.2607154984870697	0.0118884400618799	chr22_40000000_40020000
chr22	40005655	40005656	-1.68873	-2.2607154984870697	0.0118884400618799	chr22_40000000_40020000
chr22	40005660	40005661	-1.68873	-2.2607154984870697	0.0118884400618799	chr22_40000000_40020000
chr22	40005709	40005710	-1.68873	-2.2607154984870697	0.0118884400618799	chr22_40000000_40020000
chr22	40005713	40005714	-1.68873	-2.2607154984870697	0.0118884400618799	chr22_40000000_40020000
chr22	40005774	40005775	-1.68873	-2.2607154984870697	0.0118884400618799	chr22_40000000_40020000
chr22	40005776	40005777	-1.68873	-2.2607154984870697	0.0118884400618799	chr22_40000000_40020000
chr22	40005824	40005825	-1.68873	-2.2607154984870697	0.0118884400618799	chr22_40000000_40020000
chr22	40005855	40005856	-1.68873	-2.2607154984870697	0.0118884400618799	chr22_40000000_40020000
chr22	40005890	40005891	-1.72076	-2.290569760406783	0.010994154782132	chr22_40000000_40020000
chr22	40005960	40005961	-1.70028	-2.2714809285580246	0.0115589400999507	chr22_40000000_40020000
chr22	40005977	40005978	-1.70028	-2.2714809285580246	0.0115589400999507	chr22_40000000_40020000
chr22	40006030	40006031	-1.70028	-2.2714809285580246	0.0115589400999507	chr22_40000000_40020000
chr22	40006068	40006069	-1.70028	-2.2714809285580246	0.0115589400999507	chr22_40000000_40020000
chr22	40006123	40006124	-1.70028	-2.2714809285580246	0.0115589400999507	chr22_40000000_40020000
chr22	40006147	40006148	-1.70028	-2.2714809285580246	0.0115589400999507	chr22_40000000_40020000
chr22	40006314	40006315	-1.70028	-2.2714809285580246	0.0115589400999507	chr22_40000000_40020000
chr22	40006374	40006375	-1.70028	-2.2714809285580246	0.0115589400999507	chr22_40000000_40020000
chr22	40006392	40006393	-1.70028	-2.2714809285580246	0.0115589400999507	chr22_40000000_40020000
chr22	40006402	40006403	-1.64355	-2.2186044915082173	0.0132568218593951	chr22_40000000_40020000
chr22	40006543	40006544	-1.64666	-2.2215032350165007	0.0131584479211792	chr22_40000000_40020000
chr22	40006605	40006606	-1.64666	-2.2215032350165007	0.0131584479211792	chr22_40000000_40020000
chr22	40006707	40006708	-1.64666	-2.2215032350165007	0.0131584479211792	chr22_40000000_40020000
chr22	40006754	40006755	-1.65228	-2.2267414789124973	0.0129822782737745	chr22_40000000_40020000
chr22	40006766	40006767	-1.66045	-2.234356506070913	0.0127298125480585	chr22_40000000_40020000
chr22	40006776	40006777	-1.66629	-2.239799805777786	0.0125519612508	chr22_40000000_40020000
chr22	40006781	40006782	-1.66669	-2.240172634524832	0.0125398587567906	chr22_40000000_40020000
chr22	40006812	40006813	-1.96028	-2.5138196141379634	0.0059715751945641	chr22_40000000_40020000
chr22	40006821	40006822	-1.92103	-2.477235793334069	0.0066202198622438	chr22_40000000_40020000
chr22	40006860	40006861	-1.92103	-2.477235793334069	0.0066202198622438	chr22_40000000_40020000
chr22	40006889	40006890	-1.90429	-2.4616329102701915	0.0069153071367862	chr22_40000000_40020000
chr22	40006892	40006893	-1.93196	-2.487423338847102	0.0064336090972831	chr22_40000000_40020000
chr22	40006920	40006921	-1.92421	-2.480199781873085	0.0065654394037152	chr22_40000000_40020000
chr22	40006955	40006956	-1.92421	-2.480199781873085	0.0065654394037152	chr22_40000000_40020000
chr22	40007036	40007037	-1.92421	-2.480199781873085	0.0065654394037152	chr22_40000000_40020000
chr22	40007108	40007109	-2.03002	-2.578822306185444	0.0049568884126307	chr22_40000000_40020000
chr22	40007158	40007159	-2.01238	-2.5623805584407124	0.0051978669188968	chr22_40000000_40020000
chr22	40007166	40007167	-2.02092	-2.570340452190146	0.0050799306925911	chr22_40000000_40020000
chr22	40007171	40007172	-1.9951	-2.5462743565683232	0.0054439788618934	chr22_40000000_40020000
chr22	40007201	40007202	-1.93467	-2.4899492536083394	0.0063880667927142	chr22_40000000_40020000
chr22	40007214	40007215	-1.98642	-2.538183972757424	0.0055714695406673	chr22_40000000_40020000
chr22	40007264	40007265	-1.97078	-2.5236063687479224	0.005807895668481	chr22_40000000_40020000
chr22	40007644	40007645	-2.13368	-2.67544087598243	0.0037315517776936	chr22_40000000_40020000
chr22	40007664	40007665	-2.06957	-2.615685748549623	0.0044524235807481	chr22_40000000_40020000
chr22	40007720	40007721	-2.0705	-2.616552575386505	0.0044411342156026	chr22_40000000_40020000
chr22	40007787	40007788	-2.0705	-2.616552575386505	0.0044411342156026	chr22_40000000_40020000
chr22	40007894	40007895	-2.0705	-2.616552575386505	0.0044411342156026	chr22_40000000_40020000
chr22	40007976	40007977	-2.0705	-2.616552575386505	0.0044411342156026	chr22_40000000_40020000
chr22	40007983	40007984	-2.24532	-2.7794973792829856	0.0027221546420933	chr22_40000000_40020000
chr22	40008022	40008023	-2.19809	-2.735475624975522	0.0031145099725207	chr22_40000000_40020000
chr22	40008030	40008031	-2.22788	-2.763242045911777	0.0028615154506661	chr22_40000000_40020000
chr22	40008044	40008045	-2.21767	-2.753725592143427	0.0029460573677331	chr22_40000000_40020000
chr22	40008050	40008051	-2.21767	-2.753725592143427	0.0029460573677331	chr22_40000000_40020000
chr22	40008075	40008076	-2.21767	-2.753725592143427	0.0029460573677331	chr22_40000000_40020000
chr22	40008111	40008112	-2.2923	-2.8232861156235454	0.002376706516646	chr22_40000000_40020000
chr22	40008150	40008151	-2.28333	-2.814925430971037	0.0024394276608898	chr22_40000000_40020000
chr22	40008163	40008164	-2.28333	-2.814925430971037	0.0024394276608898	chr22_40000000_40020000
chr22	40008202	40008203	-2.28333	-2.814925430971037	0.0024394276608898	chr22_40000000_40020000
chr22	40008220	40008221	-2.28333	-2.814925430971037	0.0024394276608898	chr22_40000000_40020000
chr22	40008246	40008247	-2.28333	-2.814925430971037	0.0024394276608898	chr22_40000000_40020000
chr22	40008275	40008276	-2.28333	-2.814925430971037	0.0024394276608898	chr22_40000000_40020000
chr22	40008285	40008286	-2.28333	-2.814925430971037	0.0024394276608898	chr22_40000000_40020000
chr22	40008286	40008287	-2.28333	-2.814925430971037	0.0024394276608898	chr22_40000000_40020000
chr22	40008288	40008289	-2.31352	-2.8430646806543387	0.0022341000813483	chr22_40000000_40020000
chr22	40008299	40008300	-2.27317	-2.8054555807960675	0.0025122753101404	chr22_40000000_40020000
chr22	40008311	40008312	-2.28067	-2.812446119803181	0.0024583129915043	chr22_40000000_40020000
chr22	40008316	40008317	-2.27435	-2.806555425599853	0.002503714860365	chr22_40000000_40020000
chr22	40008327	40008328	-2.27435	-2.806555425599853	0.002503714860365	chr22_40000000_40020000
chr22	40008329	40008330	-2.3771	-2.90232580999731	0.0018520154379913	chr22_40000000_40020000
chr22	40008401	40008402	-2.32469	-2.8534759234156	0.0021621902300447	chr22_40000000_40020000
chr22	40008407	40008408	-2.32469	-2.8534759234156	0.0021621902300447	chr22_40000000_40020000
chr22	40008471	40008472	-2.32469	-2.8534759234156	0.0021621902300447	chr22_40000000_40020000
chr22	40008572	40008573	-2.32469	-2.8534759234156	0.0021621902300447	chr22_40000000_40020000
chr22	40008598	40008599	-2.3215	-2.850502614157908	0.0021825095781272	chr22_40000000_40020000
chr22	40008599	40008600	-2.32488	-2.853653017070447	0.0021609854161639	chr22_40000000_40020000
chr22	40008607	40008608	-2.32488	-2.853653017070447	0.0021609854161639	chr22_40000000_40020000
chr22	40008629	40008630	-2.32488	-2.853653017070447	0.0021609854161639	chr22_40000000_40020000
chr22	40008641	40008642	-2.32488	-2.853653017070447	0.0021609854161639	chr22_40000000_40020000
chr22	40008686	40008687	-2.32488	-2.853653017070447	0.0021609854161639	chr22_40000000_40020000
chr22	40008767	40008768	-2.37479	-2.900172723983119	0.0018647854127356	chr22_40000000_40020000
chr22	40008781	40008782	-2.31454	-2.8440153939593062	0.0022274447761423	chr22_40000000_40020000
chr22	40008791	40008792	-2.31454	-2.8440153939593062	0.0022274447761423	chr22_40000000_40020000
chr22	40008817	40008818	-2.31454	-2.8440153939593062	0.0022274447761423	chr22_40000000_40020000
chr22	40008818	40008819	-2.31454	-2.8440153939593062	0.0022274447761423	chr22_40000000_40020000
chr22	40008907	40008908	-2.36119	-2.887496546583553	0.0019416043436309	chr22_40000000_40020000
chr22	40009046	40009047	-2.35156	-2.878520694498419	0.0019977253286493	chr22_40000000_40020000
chr22	40009055	40009056	-2.35156	-2.878520694498419	0.0019977253286493	chr22_40000000_40020000
chr22	40009082	40009083	-2.35156	-2.878520694498419	0.0019977253286493	chr22_40000000_40020000
chr22	40009106	40009107	-2.35156	-2.878520694498419	0.0019977253286493	chr22_40000000_40020000
chr22	40009116	40009117	-2.35156	-2.878520694498419	0.0019977253286493	chr22_40000000_40020000
chr22	40009120	40009121	-2.35156	-2.878520694498419	0.0019977253286493	chr22_40000000_40020000
chr22	40009134	40009135	-2.35156	-2.878520694498419	0.0019977253286493	chr22_40000000_40020000
chr22	40009172	40009173	-2.35156	-2.878520694498419	0.0019977253286493	chr22_40000000_40020000
chr22	40009211	40009212	-2.35156	-2.878520694498419	0.0019977253286493	chr22_40000000_40020000
chr22	40009215	40009216	-2.35156	-2.878520694498419	0.0019977253286493	chr22_40000000_40020000
chr22	40009542	40009543	-2.35156	-2.878520694498419	0.0019977253286493	chr22_40000000_40020000
chr22	40009628	40009629	-2.35156	-2.878520694498419	0.0019977253286493	chr22_40000000_40020000
chr22	40009729	40009730	-2.40291	-2.9263825849004568	0.0017146446306912	chr22_40000000_40020000
chr22	40009730	40009731	-2.38003	-2.9050567805694225	0.0018359324100162	chr22_40000000_40020000
chr22	40009758	40009759	-2.42957	-2.9512316208910767	0.0015825473572537	chr22_40000000_40020000
chr22	40009843	40009844	-2.4277	-2.949488646498637	0.0015915013391375	chr22_40000000_40020000
chr22	40009893	40009894	-2.42957	-2.9512316208910767	0.0015825473572537	chr22_40000000_40020000
chr22	40009926	40009927	-2.42957	-2.9512316208910767	0.0015825473572537	chr22_40000000_40020000
chr22	40009936	40009937	-2.40776	-2.930903133458391	0.001689890755556	chr22_40000000_40020000
chr22	40009948	40009949	-2.3778	-2.902978260304641	0.0018481614742616	chr22_40000000_40020000
chr22	40009951	40009952	-2.3887	-2.9131378436616457	0.0017890830709603	chr22_40000000_40020000
chr22	40010078	40010079	-2.3887	-2.9131378436616457	0.0017890830709603	chr22_40000000_40020000
chr22	40010085	40010086	-2.3887	-2.9131378436616457	0.0017890830709603	chr22_40000000_40020000
chr22	40010139	40010140	-2.3887	-2.9131378436616457	0.0017890830709603	chr22_40000000_40020000
chr22	40010161	40010162	-2.3887	-2.9131378436616457	0.0017890830709603	chr22_40000000_40020000
chr22	40010267	40010268	-2.49459	-3.011834933723414	0.0012983687936128	chr22_40000000_40020000
chr22	40010268	40010269	-2.32366	-2.8525158893919564	0.0021687321954769	chr22_40000000_40020000
chr22	40010269	40010270	-2.32366	-2.8525158893919564	0.0021687321954769	chr22_40000000_40020000
chr22	40010292	40010293	-2.32366	-2.8525158893919564	0.0021687321954769	chr22_40000000_40020000
chr22	40010345	40010346	-2.33576	-2.8637939589901	0.0020930010089527	chr22_40000000_40020000
chr22	40010374	40010375	-2.30122	-2.8316001966826723	0.0023157859956209	chr22_40000000_40020000
chr22	40010457	40010458	-2.33654	-2.8645209750468394	0.0020882024714187	chr22_40000000_40020000
chr22	40010598	40010599	-2.25876	-2.792024425183733	0.0026189701030954	chr22_40000000_40020000
chr22	40010681	40010682	-2.25876	-2.792024425183733	0.0026189701030954	chr22_40000000_40020000
chr22	40010698	40010699	-2.25876	-2.792024425183733	0.0026189701030954	chr22_40000000_40020000
chr22	40010759	40010760	-2.25095	-2.784744943897659	0.0026784921474939	chr22_40000000_40020000
chr22	40010776	40010777	-2.25408	-2.7876623288432945	0.0026544924448385	chr22_40000000_40020000
chr22	40010945	40010946	-2.26766	-2.800319864805508	0.002552599589552	chr22_40000000_40020000
chr22	40010964	40010965	-2.24969	-2.783570533344464	0.0026882085587881	chr22_40000000_40020000
chr22	40011042	40011043	-2.25178	-2.78551856354778	0.0026721089921878	chr22_40000000_40020000
chr22	40011217	40011218	-2.24387	-2.7781458750749435	0.0027335034265272	chr22_40000000_40020000
chr22	40011285	40011286	-2.24387	-2.7781458750749435	0.0027335034265272	chr22_40000000_40020000
chr22	40011292	40011293	-2.24387	-2.7781458750749435	0.0027335034265272	chr22_40000000_40020000
chr22	40011304	40011305	-2.24387	-2.7781458750749435	0.0027335034265272	chr22_40000000_40020000
chr22	40011332	40011333	-2.24387	-2.7781458750749435	0.0027335034265272	chr22_40000000_40020000
chr22	40011425	40011426	-2.24387	-2.7781458750749435	0.0027335034265272	chr22_40000000_40020000
chr22	40011569	40011570	-2.26888	-2.8014569924839985	0.0025436210734638	chr22_40000000_40020000
chr22	40011572	40011573	-2.24807	-2.782060576918928	0.0027007478495139	chr22_40000000_40020000
chr22	40011679	40011680	-2.24807	-2.782060576918928	0.0027007478495139	chr22_40000000_40020000
chr22	40011709	40011710	-2.24807	-2.782060576918928	0.0027007478495139	chr22_40000000_40020000
chr22	40011813	40011814	-2.24807	-2.782060576918928	0.0027007478495139	chr22_40000000_40020000
chr22	40011817	40011818	-2.24717	-2.781221712238074	0.0027077369184151	chr22_40000000_40020000
chr22	40011882	40011883	-2.2844	-2.815922747869386	0.002431868018217	chr22_40000000_40020000
chr22	40011911	40011912	-2.23631	-2.771099411755773	0.0027933683669183	chr22_40000000_40020000
chr22	40012259	40012260	-2.24388	-2.77815519579362	0.0027334250130133	chr22_40000000_40020000
chr22	40012310	40012311	-2.24388	-2.77815519579362	0.0027334250130133	chr22_40000000_40020000
chr22	40012371	40012372	-2.24388	-2.77815519579362	0.0027334250130133	chr22_40000000_40020000
chr22	40012381	40012382	-2.24388	-2.77815519579362	0.0027334250130133	chr22_40000000_40020000
chr22	40012489	40012490	-2.24388	-2.77815519579362	0.0027334250130133	chr22_40000000_40020000
chr22	40012496	40012497	-2.24388	-2.77815519579362	0.0027334250130133	chr22_40000000_40020000
chr22	40012581	40012582	-2.24388	-2.77815519579362	0.0027334250130133	chr22_40000000_40020000
chr22	40012615	40012616	-2.24388	-2.77815519579362	0.0027334250130133	chr22_40000000_40020000
chr22	40012630	40012631	-2.26227	-2.7952959974390623	0.0025926107867599	chr22_40000000_40020000
chr22	40012675	40012676	-2.22522	-2.7607627347439214	0.0028833276760089	chr22_40000000_40020000
chr22	40012684	40012685	-2.25381	-2.7874106694390384	0.0026565550260641	chr22_40000000_40020000
chr22	40012800	40012801	-2.26738	-2.800058884682576	0.0025546642699966	chr22_40000000_40020000
chr22	40012847	40012848	-2.26151	-2.794587622819675	0.0025982977978898	chr22_40000000_40020000
chr22	40012888	40012889	-2.26151	-2.794587622819675	0.0025982977978898	chr22_40000000_40020000
chr22	40012950	40012951	-2.26151	-2.794587622819675	0.0025982977978898	chr22_40000000_40020000
chr22	40013132	40013133	-2.26151	-2.794587622819675	0.0025982977978898	chr22_40000000_40020000
chr22	40013134	40013135	-2.26738	-2.800058884682576	0.0025546642699966	chr22_40000000_40020000
chr22	40013383	40013384	-2.00359	-2.554187646724376	0.0053217939377122	chr22_40000000_40020000
chr22	40013416	40013417	-2.00359	-2.554187646724376	0.0053217939377122	chr22_40000000_40020000
chr22	40013429	40013430	-2.00359	-2.554187646724376	0.0053217939377122	chr22_40000000_40020000
chr22	40013644	40013645	-2.00359	-2.554187646724376	0.0053217939377122	chr22_40000000_40020000
chr22	40013789	40013790	-2.00359	-2.554187646724376	0.0053217939377122	chr22_40000000_40020000
chr22	40013859	40013860	-2.00359	-2.554187646724376	0.0053217939377122	chr22_40000000_40020000
chr22	40013943	40013944	-2.00359	-2.554187646724376	0.0053217939377122	chr22_40000000_40020000
chr22	40014100	40014101	-2.00359	-2.554187646724376	0.0053217939377122	chr22_40000000_40020000
chr22	40014222	40014223	-2.00359	-2.554187646724376	0.0053217939377122	chr22_40000000_40020000
chr22	40014231	40014232	-2.00359	-2.554187646724376	0.0053217939377122	chr22_40000000_40020000
chr22	40014268	40014269	-2.00359	-2.554187646724376	0.0053217939377122	chr22_40000000_40020000
chr22	40014445	40014446	-2.00359	-2.554187646724376	0.0053217939377122	chr22_40000000_40020000
chr22	40014624	40014625	-2.00359	-2.554187646724376	0.0053217939377122	chr22_40000000_40020000
chr22	40014685	40014686	-2.00359	-2.554187646724376	0.0053217939377122	chr22_40000000_40020000
chr22	40014743	40014744	-1.97398	-2.526588998724291	0.0057588101016979	chr22_40000000_40020000
chr22	40014865	40014866	-1.98757	-2.539255855405181	0.0055544274843222	chr22_40000000_40020000
chr22	40014869	40014870	-1.98757	-2.539255855405181	0.0055544274843222	chr22_40000000_40020000
chr22	40014973	40014974	-1.98757	-2.539255855405181	0.0055544274843222	chr22_40000000_40020000
chr22	40014983	40014984	-1.98757	-2.539255855405181	0.0055544274843222	chr22_40000000_40020000
chr22	40015043	40015044	-1.98757	-2.539255855405181	0.0055544274843222	chr22_40000000_40020000
chr22	40015076	40015077	-1.98757	-2.539255855405181	0.0055544274843222	chr22_40000000_40020000
chr22	40015085	40015086	-1.98757	-2.539255855405181	0.0055544274843222	chr22_40000000_40020000
chr22	40015162	40015163	-1.98757	-2.539255855405181	0.0055544274843222	chr22_40000000_40020000
chr22	40015165	40015166	-1.98757	-2.539255855405181	0.0055544274843222	chr22_40000000_40020000
chr22	40015214	40015215	-1.98757	-2.539255855405181	0.0055544274843222	chr22_40000000_40020000
chr22	40015230	40015231	-1.98757	-2.539255855405181	0.0055544274843222	chr22_40000000_40020000
chr22	40015258	40015259	-1.98757	-2.539255855405181	0.0055544274843222	chr22_40000000_40020000
chr22	40015312	40015313	-1.98757	-2.539255855405181	0.0055544274843222	chr22_40000000_40020000
chr22	40015418	40015419	-1.98757	-2.539255855405181	0.0055544274843222	chr22_40000000_40020000
chr22	40015507	40015508	-1.98757	-2.539255855405181	0.0055544274843222	chr22_40000000_40020000
chr22	40015529	40015530	-1.98757	-2.539255855405181	0.0055544274843222	chr22_40000000_40020000
chr22	40015564	40015565	-1.98757	-2.539255855405181	0.0055544274843222	chr22_40000000_40020000
chr22	40015565	40015566	-1.98757	-2.539255855405181	0.0055544274843222	chr22_40000000_40020000
chr22	40015578	40015579	-1.98757	-2.539255855405181	0.0055544274843222	chr22_40000000_40020000
chr22	40015582	40015583	-1.98757	-2.539255855405181	0.0055544274843222	chr22_40000000_40020000
chr22	40015583	40015584	-2.00574	-2.556191601239748	0.00529124154054	chr22_40000000_40020000
chr22	40015597	40015598	-1.98512	-2.5369722793295235	0.0055907903866165	chr22_40000000_40020000
chr22	40015614	40015615	-1.98512	-2.5369722793295235	0.0055907903866165	chr22_40000000_40020000
chr22	40015633	40015634	-1.98512	-2.5369722793295235	0.0055907903866165	chr22_40000000_40020000
chr22	40015648	40015649	-1.98512	-2.5369722793295235	0.0055907903866165	chr22_40000000_40020000
chr22	40015702	40015703	-1.98512	-2.5369722793295235	0.0055907903866165	chr22_40000000_40020000
chr22	40015741	40015742	-1.98512	-2.5369722793295235	0.0055907903866165	chr22_40000000_40020000
chr22	40015749	40015750	-1.98512	-2.5369722793295235	0.0055907903866165	chr22_40000000_40020000
chr22	40015853	40015854	-1.99991	-2.550757622251552	0.005374452485183	chr22_40000000_40020000
chr22	40015880	40015881	-1.98943	-2.540989509078945	0.0055269618121635	chr22_40000000_40020000
chr22	40015906	40015907	-1.98943	-2.540989509078945	0.0055269618121635	chr22_40000000_40020000
chr22	40015962	40015963	-1.98943	-2.540989509078945	0.0055269618121635	chr22_40000000_40020000
chr22	40015996	40015997	-2.15387	-2.69425940698958	0.0035272618320091	chr22_40000000_40020000
chr22	40016032	40016033	-1.98964	-2.541185244171144	0.0055238684421301	chr22_40000000_40020000
chr22	40016041	40016042	-1.9984	-2.5493501937314527	0.005396193357978	chr22_40000000_40020000
chr22	40016109	40016110	-1.99152	-2.542937539282261	0.0054962438662854	chr22_40000000_40020000
chr22	40016173	40016174	-1.99152	-2.542937539282261	0.0054962438662854	chr22_40000000_40020000
chr22	40016200	40016201	-1.99152	-2.542937539282261	0.0054962438662854	chr22_40000000_40020000
chr22	40016207	40016208	-1.99152	-2.542937539282261	0.0054962438662854	chr22_40000000_40020000
chr22	40016213	40016214	-1.99152	-2.542937539282261	0.0054962438662854	chr22_40000000_40020000
chr22	40016306	40016307	-2.01005	-2.5602088309891697	0.0052304640895018	chr22_40000000_40020000
chr22	40016351	40016352	-1.98311	-2.5350988148756173	0.0056207805295261	chr22_40000000_40020000
chr22	40016352	40016353	-1.98311	-2.5350988148756173	0.0056207805295261	chr22_40000000_40020000
chr22	40016546	40016547	-2.20646	-2.743277066507461	0.0030414668207633	chr22_40000000_40020000
chr22	40016621	40016622	-2.06351	-2.610037393031875	0.0045266163088793	chr22_40000000_40020000
chr22	40016643	40016644	-2.06351	-2.610037393031875	0.0045266163088793	chr22_40000000_40020000
chr22	40016772	40016773	-2.06351	-2.610037393031875	0.0045266163088793	chr22_40000000_40020000
chr22	40016882	40016883	-2.06351	-2.610037393031875	0.0045266163088793	chr22_40000000_40020000
chr22	40016906	40016907	-2.06351	-2.610037393031875	0.0045266163088793	chr22_40000000_40020000
chr22	40016939	40016940	-2.06351	-2.610037393031875	0.0045266163088793	chr22_40000000_40020000
chr22	40016949	40016950	-2.06351	-2.610037393031875	0.0045266163088793	chr22_40000000_40020000
chr22	40016959	40016960	-2.03005	-2.5788502683414727	0.0049564872084513	chr22_40000000_40020000
chr22	40016963	40016964	-2.03971	-2.5878540825826346	0.0048287940774438	chr22_40000000_40020000
chr22	40016989	40016990	-2.03971	-2.5878540825826346	0.0048287940774438	chr22_40000000_40020000
chr22	40017011	40017012	-2.00625	-2.556666957892232	0.0052840171595238	chr22_40000000_40020000
chr22	40017025	40017026	-1.94974	-2.5039955766532995	0.0061399784718327	chr22_40000000_40020000
chr22	40017034	40017035	-1.96822	-2.521220264766828	0.0058474310280348	chr22_40000000_40020000
chr22	40017034	40017035	-1.96822	-2.521220264766828	0.0058474310280348	chr22_40000000_40020000
chr22	40017175	40017176	-2.22994	-2.7651621139590645	0.0028447256462326	chr22_40000000_40020000
chr22	40017189	40017190	-2.16982	-2.709125953278042	0.0033730362179075	chr22_40000000_40020000
chr22	40017197	40017198	-2.16982	-2.709125953278042	0.0033730362179075	chr22_40000000_40020000
chr22	40017253	40017254	-2.16982	-2.709125953278042	0.0033730362179075	chr22_40000000_40020000
chr22	40017258	40017259	-2.16982	-2.709125953278042	0.0033730362179075	chr22_40000000_40020000
chr22	40017296	40017297	-2.16982	-2.709125953278042	0.0033730362179075	chr22_40000000_40020000
chr22	40017334	40017335	-2.16982	-2.709125953278042	0.0033730362179075	chr22_40000000_40020000
chr22	40017359	40017360	-2.16982	-2.709125953278042	0.0033730362179075	chr22_40000000_40020000
chr22	40017375	40017376	-2.16982	-2.709125953278042	0.0033730362179075	chr22_40000000_40020000
chr22	40017378	40017379	-2.16982	-2.709125953278042	0.0033730362179075	chr22_40000000_40020000
chr22	40017525	40017526	-2.16982	-2.709125953278042	0.0033730362179075	chr22_40000000_40020000
chr22	40017615	40017616	-2.16982	-2.709125953278042	0.0033730362179075	chr22_40000000_40020000
chr22	40017680	40017681	-2.16982	-2.709125953278042	0.0033730362179075	chr22_40000000_40020000
chr22	40017684	40017685	-2.16982	-2.709125953278042	0.0033730362179075	chr22_40000000_40020000
chr22	40017902	40017903	-2.16982	-2.709125953278042	0.0033730362179075	chr22_40000000_40020000
chr22	40017929	40017930	-2.16982	-2.709125953278042	0.0033730362179075	chr22_40000000_40020000
chr22	40017932	40017933	-2.16982	-2.709125953278042	0.0033730362179075	chr22_40000000_40020000
chr22	40017966	40017967	-2.16982	-2.709125953278042	0.0033730362179075	chr22_40000000_40020000
chr22	40018009	40018010	-2.16982	-2.709125953278042	0.0033730362179075	chr22_40000000_40020000
chr22	40018204	40018205	-2.16982	-2.709125953278042	0.0033730362179075	chr22_40000000_40020000
chr22	40018316	40018317	-2.18578	-2.72400182028518	0.003224807550882	chr22_40000000_40020000
chr22	40018317	40018318	-2.17945	-2.718101805363176	0.0032828816305054	chr22_40000000_40020000
chr22	40018344	40018345	-2.17945	-2.718101805363176	0.0032828816305054	chr22_40000000_40020000
chr22	40018441	40018442	-2.17945	-2.718101805363176	0.0032828816305054	chr22_40000000_40020000
chr22	40018462	40018463	-2.17945	-2.718101805363176	0.0032828816305054	chr22_40000000_40020000
chr22	40018501	40018502	-2.11173	-2.654981898488278	0.0039656332203023	chr22_40000000_40020000
chr22	40018503	40018504	-2.13381	-2.67556204532522	0.0037302031378896	chr22_40000000_40020000
chr22	40018525	40018526	-2.38403	-2.908785068039883	0.0018141810684757	chr22_40000000_40020000
chr22	40018594	40018595	-2.32081	-2.849859484569253	0.0021869273780802	chr22_40000000_40020000
chr22	40018621	40018622	-2.32081	-2.849859484569253	0.0021869273780802	chr22_40000000_40020000
chr22	40018653	40018654	-2.32081	-2.849859484569253	0.0021869273780802	chr22_40000000_40020000
chr22	40018674	40018675	-2.32081	-2.849859484569253	0.0021869273780802	chr22_40000000_40020000
chr22	40018698	40018699	-2.32081	-2.849859484569253	0.0021869273780802	chr22_40000000_40020000
chr22	40018754	40018755	-2.32081	-2.849859484569253	0.0021869273780802	chr22_40000000_40020000
chr22	40018868	40018869	-2.32081	-2.849859484569253	0.0021869273780802	chr22_40000000_40020000
chr22	40018930	40018931	-2.32081	-2.849859484569253	0.0021869273780802	chr22_40000000_40020000
chr22	40018959	40018960	-2.32081	-2.849859484569253	0.0021869273780802	chr22_40000000_40020000
chr22	40018972	40018973	-2.31699	-2.8462989700349635	0.0022115323350693	chr22_40000000_40020000
chr22	40019017	40019018	-2.32291	-2.851816835491245	0.0021735070474974	chr22_40000000_40020000
chr22	40019018	40019019	-2.28793	-2.819212961562067	0.0024070783222298	chr22_40000000_40020000
chr22	40019022	40019023	-2.29796	-2.828561642394247	0.0023378847728058	chr22_40000000_40020000
chr22	40019086	40019087	-2.29796	-2.828561642394247	0.0023378847728058	chr22_40000000_40020000
chr22	40019135	40019136	-2.44813	-2.968530874754014	0.0014961351990126	chr22_40000000_40020000
chr22	40019136	40019137	-2.40518	-2.928498388039944	0.0017030179939995	chr22_40000000_40020000
chr22	40019153	40019154	-2.40518	-2.928498388039944	0.0017030179939995	chr22_40000000_40020000
chr22	40019259	40019260	-2.40518	-2.928498388039944	0.0017030179939995	chr22_40000000_40020000
chr22	40019261	40019262	-2.40518	-2.928498388039944	0.0017030179939995	chr22_40000000_40020000
chr22	40019268	40019269	-2.40518	-2.928498388039944	0.0017030179939995	chr22_40000000_40020000
chr22	40019318	40019319	-2.40518	-2.928498388039944	0.0017030179939995	chr22_40000000_40020000
chr22	40019411	40019412	-2.42528	-2.947233032579008	0.001603157381935	chr22_40000000_40020000
chr22	40019457	40019458	-2.40218	-2.9257021724370977	0.0017183989192034	chr22_40000000_40020000
chr22	40019490	40019491	-2.408	-2.931126830706618	0.0016886743130294	chr22_40000000_40020000
chr22	40019612	40019613	-2.45559	-2.975484130886423	0.0014626324235658	chr22_40000000_40020000
chr22	40019650	40019651	-2.39533	-2.9193174801439343	0.0017539937707565	chr22_40000000_40020000
chr22	40019704	40019705	-2.42127	-2.9434954243898708	0.0016226431017336	chr22_40000000_40020000
chr22	40019718	40019719	-2.39671	-2.920603739321243	0.0017467693256695	chr22_40000000_40020000
chr22	40019759	40019760	-2.38821	-2.9126811284465144	0.0017917015685909	chr22_40000000_40020000
chr22	40019898	40019899	-2.38821	-2.9126811284465144	0.0017917015685909	chr22_40000000_40020000
chr22	40019899	40019900	-2.38821	-2.9126811284465144	0.0017917015685909	chr22_40000000_40020000
chr22	40019963	40019964	-2.38821	-2.9126811284465144	0.0017917015685909	chr22_40000000_40020000
chr22	40019983	40019984	-2.38821	-2.9126811284465144	0.0017917015685909	chr22_40000000_40020000
