22 30002089
22 30002453
22 30003011
22 30003428
22 30004712
22 30004872
22 30005619
22 30005667
22 30005786
22 30007780
22 30008007
22 30008558
22 30008652
22 30008664
22 30008765
22 30009162
22 30009994
22 30011375
22 30011399
22 30011663
22 30012721
22 30014346
22 30014451
22 30016476
22 30016770
22 30016787
22 30017350
22 30017682
22 30018102
22 30018351
22 30019994
22 40000402
22 40000405
22 40000717
22 40001519
22 40002841
22 40002841
22 40003823
22 40004160
22 40004731
22 40004908
22 40005891
22 40007167
22 40008289
22 40008330
22 40009759
22 40009894
22 40009927
22 40011570
22 40013135
22 40015997
22 40016547
22 40017176
22 40019613
22 40019719
